---------------------------------------------------------------
[ 2023-09-15T17:13:06+08:00 ] 127.0.0.1 GET family123.com/youshijieshao.html
[运行时间：0.015643s] [吞吐率：63.93req/s] [内存消耗：608.85kb] [文件加载：153]
[ info ] [ BEHAVIOR ] Run Closure @app_init [ RunTime:0.000010s ]
[ info ] [ CACHE ] INIT File
[ info ] [ BEHAVIOR ] Run \addons\cms\Cms @app_init [ RunTime:0.000197s ]
[ info ] [ BEHAVIOR ] Run Closure @app_init [ RunTime:0.000209s ]
[ info ] [ LANG ] /Users/pan.liu/Documents/privateProject/familyMartOne/familymart1/thinkphp/lang/zh-cn.php
[ info ] [ BEHAVIOR ] Run app\common\behavior\Common @app_dispatch [ RunTime:0.000028s ]
[ info ] [ ROUTE ] array (
  'type' => 'method',
  'method' => 
  array (
    0 => '\\think\\addons\\Route',
    1 => 'execute',
  ),
  'var' => 
  array (
    'addon' => 'cms',
    'controller' => 'channel',
    'action' => 'index',
  ),
)
[ info ] [ HEADER ] array (
  'cookie' => 'Hm_lvt_1166d2ba6c66a5addbb755e9d3aa650f=1694415444; PHPSESSID=b8974u80vq247ou5fngn82mtkb; think_var=zh-cn; Hm_lpvt_1166d2ba6c66a5addbb755e9d3aa650f=1694769176',
  'accept-language' => 'zh-CN,zh;q=0.9,en;q=0.8',
  'accept-encoding' => 'gzip, deflate',
  'referer' => 'http://family123.com/youshijieshao/he-zuo-jing-ying-you-shi.html',
  'accept' => 'text/html,application/xhtml+xml,application/xml;q=0.9,image/avif,image/webp,image/apng,*/*;q=0.8,application/signed-exchange;v=b3;q=0.7',
  'user-agent' => 'Mozilla/5.0 (Macintosh; Intel Mac OS X 10_15_7) AppleWebKit/537.36 (KHTML, like Gecko) Chrome/116.0.0.0 Safari/537.36',
  'upgrade-insecure-requests' => '1',
  'cache-control' => 'max-age=0',
  'connection' => 'keep-alive',
  'host' => 'family123.com',
  'content-length' => '',
  'content-type' => '',
)
[ info ] [ PARAM ] array (
  'diyname' => 'youshijieshao',
)
[ info ] [ RUN ] think\addons\Route->execute[ /Users/pan.liu/Documents/privateProject/familyMartOne/familymart1/vendor/karsonzhang/fastadmin-addons/src/addons/Route.php ]
[ info ] [ LANG ] /Users/pan.liu/Documents/privateProject/familyMartOne/familymart1/public/../application/common/lang/zh-cn/addon.php
[ info ] [ BEHAVIOR ] Run app\common\behavior\Common @addon_begin [ RunTime:0.000084s ]
[ info ] [ LANG ] /Users/pan.liu/Documents/privateProject/familyMartOne/familymart1/addons/cms/lang/zh-cn.php
[ info ] [ DB ] INIT mysql
[ info ] [ VIEW ] /Users/pan.liu/Documents/privateProject/familyMartOne/familymart1/addons/cms/view/default2/list_News.html [ array (
  0 => 'config',
  1 => 'user',
  2 => 'site',
  3 => '__CHANNEL__',
  4 => '__FILTERLIST__',
  5 => '__ORDERLIST__',
  6 => '__PAGELIST__',
) ]
[ info ] [ BEHAVIOR ] Run \addons\cms\Cms @view_filter [ RunTime:0.000061s ]
[ info ] [ LOG ] INIT File
---------------------------------------------------------------
[ 2023-09-15T17:13:08+08:00 ] 127.0.0.1 GET family123.com/youshijieshao/he-zuo-jing-ying-you-shi.html
[运行时间：0.014553s] [吞吐率：68.72req/s] [内存消耗：574.25kb] [文件加载：152]
[ info ] [ BEHAVIOR ] Run Closure @app_init [ RunTime:0.000009s ]
[ info ] [ CACHE ] INIT File
[ info ] [ BEHAVIOR ] Run \addons\cms\Cms @app_init [ RunTime:0.000117s ]
[ info ] [ BEHAVIOR ] Run Closure @app_init [ RunTime:0.000128s ]
[ info ] [ LANG ] /Users/pan.liu/Documents/privateProject/familyMartOne/familymart1/thinkphp/lang/zh-cn.php
[ info ] [ BEHAVIOR ] Run app\common\behavior\Common @app_dispatch [ RunTime:0.000020s ]
[ info ] [ ROUTE ] array (
  'type' => 'method',
  'method' => 
  array (
    0 => '\\think\\addons\\Route',
    1 => 'execute',
  ),
  'var' => 
  array (
    'addon' => 'cms',
    'controller' => 'archives',
    'action' => 'index',
  ),
)
[ info ] [ HEADER ] array (
  'cookie' => 'Hm_lvt_1166d2ba6c66a5addbb755e9d3aa650f=1694415444; PHPSESSID=b8974u80vq247ou5fngn82mtkb; think_var=zh-cn; Hm_lpvt_1166d2ba6c66a5addbb755e9d3aa650f=1694769187',
  'accept-language' => 'zh-CN,zh;q=0.9,en;q=0.8',
  'accept-encoding' => 'gzip, deflate',
  'referer' => 'http://family123.com/youshijieshao.html',
  'accept' => 'text/html,application/xhtml+xml,application/xml;q=0.9,image/avif,image/webp,image/apng,*/*;q=0.8,application/signed-exchange;v=b3;q=0.7',
  'user-agent' => 'Mozilla/5.0 (Macintosh; Intel Mac OS X 10_15_7) AppleWebKit/537.36 (KHTML, like Gecko) Chrome/116.0.0.0 Safari/537.36',
  'upgrade-insecure-requests' => '1',
  'connection' => 'keep-alive',
  'host' => 'family123.com',
  'content-length' => '',
  'content-type' => '',
)
[ info ] [ PARAM ] array (
  'catename' => 'youshijieshao',
  'diyname' => 'he-zuo-jing-ying-you-shi',
)
[ info ] [ RUN ] think\addons\Route->execute[ /Users/pan.liu/Documents/privateProject/familyMartOne/familymart1/vendor/karsonzhang/fastadmin-addons/src/addons/Route.php ]
[ info ] [ LANG ] /Users/pan.liu/Documents/privateProject/familyMartOne/familymart1/public/../application/common/lang/zh-cn/addon.php
[ info ] [ BEHAVIOR ] Run app\common\behavior\Common @addon_begin [ RunTime:0.000096s ]
[ info ] [ LANG ] /Users/pan.liu/Documents/privateProject/familyMartOne/familymart1/addons/cms/lang/zh-cn.php
[ info ] [ DB ] INIT mysql
[ info ] [ VIEW ] /Users/pan.liu/Documents/privateProject/familyMartOne/familymart1/addons/cms/view/default2/show_News.html [ array (
  0 => 'config',
  1 => 'user',
  2 => 'site',
  3 => '__CHANNEL__',
  4 => '__ARCHIVES__',
  5 => 'title',
  6 => '__MODEL__',
) ]
[ info ] [ BEHAVIOR ] Run \addons\cms\Cms @view_filter [ RunTime:0.000029s ]
[ info ] [ LOG ] INIT File
---------------------------------------------------------------
[ 2023-09-15T17:14:59+08:00 ] 127.0.0.1 GET family123.com/youshijieshao/he-zuo-jing-ying-you-shi.html
[运行时间：0.028686s] [吞吐率：34.86req/s] [内存消耗：594.20kb] [文件加载：153]
[ info ] [ BEHAVIOR ] Run Closure @app_init [ RunTime:0.000026s ]
[ info ] [ CACHE ] INIT File
[ info ] [ BEHAVIOR ] Run \addons\cms\Cms @app_init [ RunTime:0.000221s ]
[ info ] [ BEHAVIOR ] Run Closure @app_init [ RunTime:0.000231s ]
[ info ] [ LANG ] /Users/pan.liu/Documents/privateProject/familyMartOne/familymart1/thinkphp/lang/zh-cn.php
[ info ] [ BEHAVIOR ] Run app\common\behavior\Common @app_dispatch [ RunTime:0.000041s ]
[ info ] [ ROUTE ] array (
  'type' => 'method',
  'method' => 
  array (
    0 => '\\think\\addons\\Route',
    1 => 'execute',
  ),
  'var' => 
  array (
    'addon' => 'cms',
    'controller' => 'archives',
    'action' => 'index',
  ),
)
[ info ] [ HEADER ] array (
  'cookie' => 'Hm_lvt_1166d2ba6c66a5addbb755e9d3aa650f=1694415444; PHPSESSID=b8974u80vq247ou5fngn82mtkb; think_var=zh-cn; Hm_lpvt_1166d2ba6c66a5addbb755e9d3aa650f=1694769189',
  'accept-language' => 'zh-CN,zh;q=0.9,en;q=0.8',
  'accept-encoding' => 'gzip, deflate',
  'referer' => 'http://family123.com/youshijieshao.html',
  'accept' => 'text/html,application/xhtml+xml,application/xml;q=0.9,image/avif,image/webp,image/apng,*/*;q=0.8,application/signed-exchange;v=b3;q=0.7',
  'user-agent' => 'Mozilla/5.0 (Macintosh; Intel Mac OS X 10_15_7) AppleWebKit/537.36 (KHTML, like Gecko) Chrome/116.0.0.0 Safari/537.36',
  'upgrade-insecure-requests' => '1',
  'cache-control' => 'max-age=0',
  'connection' => 'keep-alive',
  'host' => 'family123.com',
  'content-length' => '',
  'content-type' => '',
)
[ info ] [ PARAM ] array (
  'catename' => 'youshijieshao',
  'diyname' => 'he-zuo-jing-ying-you-shi',
)
[ info ] [ RUN ] think\addons\Route->execute[ /Users/pan.liu/Documents/privateProject/familyMartOne/familymart1/vendor/karsonzhang/fastadmin-addons/src/addons/Route.php ]
[ info ] [ LANG ] /Users/pan.liu/Documents/privateProject/familyMartOne/familymart1/public/../application/common/lang/zh-cn/addon.php
[ info ] [ BEHAVIOR ] Run app\common\behavior\Common @addon_begin [ RunTime:0.000186s ]
[ info ] [ LANG ] /Users/pan.liu/Documents/privateProject/familyMartOne/familymart1/addons/cms/lang/zh-cn.php
[ info ] [ DB ] INIT mysql
[ info ] [ VIEW ] /Users/pan.liu/Documents/privateProject/familyMartOne/familymart1/addons/cms/view/default2/show_News.html [ array (
  0 => 'config',
  1 => 'user',
  2 => 'site',
  3 => '__CHANNEL__',
  4 => '__ARCHIVES__',
  5 => 'title',
  6 => '__MODEL__',
) ]
[ info ] [ BEHAVIOR ] Run \addons\cms\Cms @view_filter [ RunTime:0.000033s ]
[ info ] [ LOG ] INIT File
---------------------------------------------------------------
[ 2023-09-15T17:15:08+08:00 ] 127.0.0.1 GET family123.com/youshijieshao/he-zuo-jing-ying-you-shi.html
[运行时间：0.019242s] [吞吐率：51.97req/s] [内存消耗：564.48kb] [文件加载：149]
[ info ] [ BEHAVIOR ] Run Closure @app_init [ RunTime:0.000009s ]
[ info ] [ CACHE ] INIT File
[ info ] [ BEHAVIOR ] Run \addons\cms\Cms @app_init [ RunTime:0.000185s ]
[ info ] [ BEHAVIOR ] Run Closure @app_init [ RunTime:0.000195s ]
[ info ] [ LANG ] /Users/pan.liu/Documents/privateProject/familyMartOne/familymart1/thinkphp/lang/zh-cn.php
[ info ] [ BEHAVIOR ] Run app\common\behavior\Common @app_dispatch [ RunTime:0.000045s ]
[ info ] [ ROUTE ] array (
  'type' => 'method',
  'method' => 
  array (
    0 => '\\think\\addons\\Route',
    1 => 'execute',
  ),
  'var' => 
  array (
    'addon' => 'cms',
    'controller' => 'archives',
    'action' => 'index',
  ),
)
[ info ] [ HEADER ] array (
  'cookie' => 'Hm_lvt_1166d2ba6c66a5addbb755e9d3aa650f=1694415444; PHPSESSID=b8974u80vq247ou5fngn82mtkb; think_var=zh-cn; Hm_lpvt_1166d2ba6c66a5addbb755e9d3aa650f=1694769300',
  'accept-language' => 'zh-CN,zh;q=0.9,en;q=0.8',
  'accept-encoding' => 'gzip, deflate',
  'referer' => 'http://family123.com/youshijieshao/he-zuo-jing-ying-you-shi.html',
  'accept' => 'text/html,application/xhtml+xml,application/xml;q=0.9,image/avif,image/webp,image/apng,*/*;q=0.8,application/signed-exchange;v=b3;q=0.7',
  'user-agent' => 'Mozilla/5.0 (Macintosh; Intel Mac OS X 10_15_7) AppleWebKit/537.36 (KHTML, like Gecko) Chrome/116.0.0.0 Safari/537.36',
  'upgrade-insecure-requests' => '1',
  'connection' => 'keep-alive',
  'host' => 'family123.com',
  'content-length' => '',
  'content-type' => '',
)
[ info ] [ PARAM ] array (
  'catename' => 'youshijieshao',
  'diyname' => 'he-zuo-jing-ying-you-shi',
)
[ info ] [ RUN ] think\addons\Route->execute[ /Users/pan.liu/Documents/privateProject/familyMartOne/familymart1/vendor/karsonzhang/fastadmin-addons/src/addons/Route.php ]
[ info ] [ LANG ] /Users/pan.liu/Documents/privateProject/familyMartOne/familymart1/public/../application/common/lang/zh-cn/addon.php
[ info ] [ BEHAVIOR ] Run app\common\behavior\Common @addon_begin [ RunTime:0.000158s ]
[ info ] [ LANG ] /Users/pan.liu/Documents/privateProject/familyMartOne/familymart1/addons/cms/lang/zh-cn.php
[ info ] [ DB ] INIT mysql
[ info ] [ VIEW ] /Users/pan.liu/Documents/privateProject/familyMartOne/familymart1/addons/cms/view/default2/show_News.html [ array (
  0 => 'config',
  1 => 'user',
  2 => 'site',
  3 => '__CHANNEL__',
  4 => '__ARCHIVES__',
  5 => 'title',
  6 => '__MODEL__',
) ]
[ info ] [ BEHAVIOR ] Run \addons\cms\Cms @view_filter [ RunTime:0.000029s ]
[ info ] [ LOG ] INIT File
---------------------------------------------------------------
[ 2023-09-15T17:15:10+08:00 ] 127.0.0.1 GET family123.com/youshijieshao/he-zuo-jing-ying-you-shi.html
[运行时间：0.013218s] [吞吐率：75.65req/s] [内存消耗：563.32kb] [文件加载：149]
[ info ] [ BEHAVIOR ] Run Closure @app_init [ RunTime:0.000009s ]
[ info ] [ CACHE ] INIT File
[ info ] [ BEHAVIOR ] Run \addons\cms\Cms @app_init [ RunTime:0.000112s ]
[ info ] [ BEHAVIOR ] Run Closure @app_init [ RunTime:0.000122s ]
[ info ] [ LANG ] /Users/pan.liu/Documents/privateProject/familyMartOne/familymart1/thinkphp/lang/zh-cn.php
[ info ] [ BEHAVIOR ] Run app\common\behavior\Common @app_dispatch [ RunTime:0.000021s ]
[ info ] [ ROUTE ] array (
  'type' => 'method',
  'method' => 
  array (
    0 => '\\think\\addons\\Route',
    1 => 'execute',
  ),
  'var' => 
  array (
    'addon' => 'cms',
    'controller' => 'archives',
    'action' => 'index',
  ),
)
[ info ] [ HEADER ] array (
  'cookie' => 'Hm_lvt_1166d2ba6c66a5addbb755e9d3aa650f=1694415444; PHPSESSID=b8974u80vq247ou5fngn82mtkb; think_var=zh-cn; Hm_lpvt_1166d2ba6c66a5addbb755e9d3aa650f=1694769309',
  'accept-language' => 'zh-CN,zh;q=0.9,en;q=0.8',
  'accept-encoding' => 'gzip, deflate',
  'referer' => 'http://family123.com/youshijieshao/he-zuo-jing-ying-you-shi.html',
  'accept' => 'text/html,application/xhtml+xml,application/xml;q=0.9,image/avif,image/webp,image/apng,*/*;q=0.8,application/signed-exchange;v=b3;q=0.7',
  'user-agent' => 'Mozilla/5.0 (Macintosh; Intel Mac OS X 10_15_7) AppleWebKit/537.36 (KHTML, like Gecko) Chrome/116.0.0.0 Safari/537.36',
  'upgrade-insecure-requests' => '1',
  'connection' => 'keep-alive',
  'host' => 'family123.com',
  'content-length' => '',
  'content-type' => '',
)
[ info ] [ PARAM ] array (
  'catename' => 'youshijieshao',
  'diyname' => 'he-zuo-jing-ying-you-shi',
)
[ info ] [ RUN ] think\addons\Route->execute[ /Users/pan.liu/Documents/privateProject/familyMartOne/familymart1/vendor/karsonzhang/fastadmin-addons/src/addons/Route.php ]
[ info ] [ LANG ] /Users/pan.liu/Documents/privateProject/familyMartOne/familymart1/public/../application/common/lang/zh-cn/addon.php
[ info ] [ BEHAVIOR ] Run app\common\behavior\Common @addon_begin [ RunTime:0.000065s ]
[ info ] [ LANG ] /Users/pan.liu/Documents/privateProject/familyMartOne/familymart1/addons/cms/lang/zh-cn.php
[ info ] [ DB ] INIT mysql
[ info ] [ VIEW ] /Users/pan.liu/Documents/privateProject/familyMartOne/familymart1/addons/cms/view/default2/show_News.html [ array (
  0 => 'config',
  1 => 'user',
  2 => 'site',
  3 => '__CHANNEL__',
  4 => '__ARCHIVES__',
  5 => 'title',
  6 => '__MODEL__',
) ]
[ info ] [ BEHAVIOR ] Run \addons\cms\Cms @view_filter [ RunTime:0.000030s ]
[ info ] [ LOG ] INIT File
---------------------------------------------------------------
[ 2023-09-15T17:15:25+08:00 ] 127.0.0.1 GET family123.com/youshijieshao/he-zuo-jing-ying-you-shi.html
[运行时间：0.016894s] [吞吐率：59.19req/s] [内存消耗：577.53kb] [文件加载：154]
[ info ] [ BEHAVIOR ] Run Closure @app_init [ RunTime:0.000010s ]
[ info ] [ CACHE ] INIT File
[ info ] [ BEHAVIOR ] Run \addons\cms\Cms @app_init [ RunTime:0.000148s ]
[ info ] [ BEHAVIOR ] Run Closure @app_init [ RunTime:0.000165s ]
[ info ] [ LANG ] /Users/pan.liu/Documents/privateProject/familyMartOne/familymart1/thinkphp/lang/zh-cn.php
[ info ] [ BEHAVIOR ] Run app\common\behavior\Common @app_dispatch [ RunTime:0.000027s ]
[ info ] [ ROUTE ] array (
  'type' => 'method',
  'method' => 
  array (
    0 => '\\think\\addons\\Route',
    1 => 'execute',
  ),
  'var' => 
  array (
    'addon' => 'cms',
    'controller' => 'archives',
    'action' => 'index',
  ),
)
[ info ] [ HEADER ] array (
  'cookie' => 'Hm_lvt_1166d2ba6c66a5addbb755e9d3aa650f=1694415444; PHPSESSID=b8974u80vq247ou5fngn82mtkb; think_var=zh-cn; Hm_lpvt_1166d2ba6c66a5addbb755e9d3aa650f=1694769311',
  'accept-language' => 'zh-CN,zh;q=0.9,en;q=0.8',
  'accept-encoding' => 'gzip, deflate',
  'referer' => 'http://family123.com/youshijieshao/he-zuo-jing-ying-you-shi.html',
  'accept' => 'text/html,application/xhtml+xml,application/xml;q=0.9,image/avif,image/webp,image/apng,*/*;q=0.8,application/signed-exchange;v=b3;q=0.7',
  'user-agent' => 'Mozilla/5.0 (Macintosh; Intel Mac OS X 10_15_7) AppleWebKit/537.36 (KHTML, like Gecko) Chrome/116.0.0.0 Safari/537.36',
  'upgrade-insecure-requests' => '1',
  'cache-control' => 'max-age=0',
  'connection' => 'keep-alive',
  'host' => 'family123.com',
  'content-length' => '',
  'content-type' => '',
)
[ info ] [ PARAM ] array (
  'catename' => 'youshijieshao',
  'diyname' => 'he-zuo-jing-ying-you-shi',
)
[ info ] [ RUN ] think\addons\Route->execute[ /Users/pan.liu/Documents/privateProject/familyMartOne/familymart1/vendor/karsonzhang/fastadmin-addons/src/addons/Route.php ]
[ info ] [ LANG ] /Users/pan.liu/Documents/privateProject/familyMartOne/familymart1/public/../application/common/lang/zh-cn/addon.php
[ info ] [ BEHAVIOR ] Run app\common\behavior\Common @addon_begin [ RunTime:0.000078s ]
[ info ] [ LANG ] /Users/pan.liu/Documents/privateProject/familyMartOne/familymart1/addons/cms/lang/zh-cn.php
[ info ] [ DB ] INIT mysql
[ info ] [ VIEW ] /Users/pan.liu/Documents/privateProject/familyMartOne/familymart1/addons/cms/view/default2/show_News.html [ array (
  0 => 'config',
  1 => 'user',
  2 => 'site',
  3 => '__CHANNEL__',
  4 => '__ARCHIVES__',
  5 => 'title',
  6 => '__MODEL__',
) ]
[ info ] [ LOG ] INIT File
[ error ] [0]类的属性不存在:addons\cms\model\Archives->name[/Users/pan.liu/Documents/privateProject/familyMartOne/familymart1/thinkphp/library/think/Model.php:626]
---------------------------------------------------------------
[ 2023-09-15T17:15:34+08:00 ] 127.0.0.1 GET family123.com/youshijieshao/he-zuo-jing-ying-you-shi.html
[运行时间：0.014867s] [吞吐率：67.26req/s] [内存消耗：594.82kb] [文件加载：153]
[ info ] [ BEHAVIOR ] Run Closure @app_init [ RunTime:0.000010s ]
[ info ] [ CACHE ] INIT File
[ info ] [ BEHAVIOR ] Run \addons\cms\Cms @app_init [ RunTime:0.000143s ]
[ info ] [ BEHAVIOR ] Run Closure @app_init [ RunTime:0.000154s ]
[ info ] [ LANG ] /Users/pan.liu/Documents/privateProject/familyMartOne/familymart1/thinkphp/lang/zh-cn.php
[ info ] [ BEHAVIOR ] Run app\common\behavior\Common @app_dispatch [ RunTime:0.000029s ]
[ info ] [ ROUTE ] array (
  'type' => 'method',
  'method' => 
  array (
    0 => '\\think\\addons\\Route',
    1 => 'execute',
  ),
  'var' => 
  array (
    'addon' => 'cms',
    'controller' => 'archives',
    'action' => 'index',
  ),
)
[ info ] [ HEADER ] array (
  'cookie' => 'Hm_lvt_1166d2ba6c66a5addbb755e9d3aa650f=1694415444; PHPSESSID=b8974u80vq247ou5fngn82mtkb; think_var=zh-cn; Hm_lpvt_1166d2ba6c66a5addbb755e9d3aa650f=1694769311',
  'accept-language' => 'zh-CN,zh;q=0.9,en;q=0.8',
  'accept-encoding' => 'gzip, deflate',
  'referer' => 'http://family123.com/youshijieshao/he-zuo-jing-ying-you-shi.html',
  'accept' => 'text/html,application/xhtml+xml,application/xml;q=0.9,image/avif,image/webp,image/apng,*/*;q=0.8,application/signed-exchange;v=b3;q=0.7',
  'user-agent' => 'Mozilla/5.0 (Macintosh; Intel Mac OS X 10_15_7) AppleWebKit/537.36 (KHTML, like Gecko) Chrome/116.0.0.0 Safari/537.36',
  'upgrade-insecure-requests' => '1',
  'cache-control' => 'max-age=0',
  'connection' => 'keep-alive',
  'host' => 'family123.com',
  'content-length' => '',
  'content-type' => '',
)
[ info ] [ PARAM ] array (
  'catename' => 'youshijieshao',
  'diyname' => 'he-zuo-jing-ying-you-shi',
)
[ info ] [ RUN ] think\addons\Route->execute[ /Users/pan.liu/Documents/privateProject/familyMartOne/familymart1/vendor/karsonzhang/fastadmin-addons/src/addons/Route.php ]
[ info ] [ LANG ] /Users/pan.liu/Documents/privateProject/familyMartOne/familymart1/public/../application/common/lang/zh-cn/addon.php
[ info ] [ BEHAVIOR ] Run app\common\behavior\Common @addon_begin [ RunTime:0.000084s ]
[ info ] [ LANG ] /Users/pan.liu/Documents/privateProject/familyMartOne/familymart1/addons/cms/lang/zh-cn.php
[ info ] [ DB ] INIT mysql
[ info ] [ VIEW ] /Users/pan.liu/Documents/privateProject/familyMartOne/familymart1/addons/cms/view/default2/show_News.html [ array (
  0 => 'config',
  1 => 'user',
  2 => 'site',
  3 => '__CHANNEL__',
  4 => '__ARCHIVES__',
  5 => 'title',
  6 => '__MODEL__',
) ]
[ info ] [ BEHAVIOR ] Run \addons\cms\Cms @view_filter [ RunTime:0.000028s ]
[ info ] [ LOG ] INIT File
---------------------------------------------------------------
[ 2023-09-15T17:20:16+08:00 ] 127.0.0.1 GET family123.com/youshijieshao.html
[运行时间：0.016902s] [吞吐率：59.16req/s] [内存消耗：607.71kb] [文件加载：153]
[ info ] [ BEHAVIOR ] Run Closure @app_init [ RunTime:0.000010s ]
[ info ] [ CACHE ] INIT File
[ info ] [ BEHAVIOR ] Run \addons\cms\Cms @app_init [ RunTime:0.000234s ]
[ info ] [ BEHAVIOR ] Run Closure @app_init [ RunTime:0.000248s ]
[ info ] [ LANG ] /Users/pan.liu/Documents/privateProject/familyMartOne/familymart1/thinkphp/lang/zh-cn.php
[ info ] [ BEHAVIOR ] Run app\common\behavior\Common @app_dispatch [ RunTime:0.000054s ]
[ info ] [ ROUTE ] array (
  'type' => 'method',
  'method' => 
  array (
    0 => '\\think\\addons\\Route',
    1 => 'execute',
  ),
  'var' => 
  array (
    'addon' => 'cms',
    'controller' => 'channel',
    'action' => 'index',
  ),
)
[ info ] [ HEADER ] array (
  'cookie' => 'Hm_lvt_1166d2ba6c66a5addbb755e9d3aa650f=1694415444; PHPSESSID=b8974u80vq247ou5fngn82mtkb; think_var=zh-cn; Hm_lpvt_1166d2ba6c66a5addbb755e9d3aa650f=1694769335',
  'accept-language' => 'zh-CN,zh;q=0.9,en;q=0.8',
  'accept-encoding' => 'gzip, deflate',
  'referer' => 'http://family123.com/youshijieshao/he-zuo-jing-ying-you-shi.html',
  'accept' => 'text/html,application/xhtml+xml,application/xml;q=0.9,image/avif,image/webp,image/apng,*/*;q=0.8,application/signed-exchange;v=b3;q=0.7',
  'user-agent' => 'Mozilla/5.0 (Macintosh; Intel Mac OS X 10_15_7) AppleWebKit/537.36 (KHTML, like Gecko) Chrome/116.0.0.0 Safari/537.36',
  'upgrade-insecure-requests' => '1',
  'connection' => 'keep-alive',
  'host' => 'family123.com',
  'content-length' => '',
  'content-type' => '',
)
[ info ] [ PARAM ] array (
  'diyname' => 'youshijieshao',
)
[ info ] [ RUN ] think\addons\Route->execute[ /Users/pan.liu/Documents/privateProject/familyMartOne/familymart1/vendor/karsonzhang/fastadmin-addons/src/addons/Route.php ]
[ info ] [ LANG ] /Users/pan.liu/Documents/privateProject/familyMartOne/familymart1/public/../application/common/lang/zh-cn/addon.php
[ info ] [ BEHAVIOR ] Run app\common\behavior\Common @addon_begin [ RunTime:0.000110s ]
[ info ] [ LANG ] /Users/pan.liu/Documents/privateProject/familyMartOne/familymart1/addons/cms/lang/zh-cn.php
[ info ] [ DB ] INIT mysql
[ info ] [ VIEW ] /Users/pan.liu/Documents/privateProject/familyMartOne/familymart1/addons/cms/view/default2/list_News.html [ array (
  0 => 'config',
  1 => 'user',
  2 => 'site',
  3 => '__CHANNEL__',
  4 => '__FILTERLIST__',
  5 => '__ORDERLIST__',
  6 => '__PAGELIST__',
) ]
[ info ] [ BEHAVIOR ] Run \addons\cms\Cms @view_filter [ RunTime:0.000028s ]
[ info ] [ LOG ] INIT File
---------------------------------------------------------------
[ 2023-09-15T17:20:22+08:00 ] 127.0.0.1 GET family123.com/woyaojiameng.html
[运行时间：0.014372s] [吞吐率：69.58req/s] [内存消耗：574.21kb] [文件加载：152]
[ info ] [ BEHAVIOR ] Run Closure @app_init [ RunTime:0.000010s ]
[ info ] [ CACHE ] INIT File
[ info ] [ BEHAVIOR ] Run \addons\cms\Cms @app_init [ RunTime:0.000198s ]
[ info ] [ BEHAVIOR ] Run Closure @app_init [ RunTime:0.000209s ]
[ info ] [ LANG ] /Users/pan.liu/Documents/privateProject/familyMartOne/familymart1/thinkphp/lang/zh-cn.php
[ info ] [ BEHAVIOR ] Run app\common\behavior\Common @app_dispatch [ RunTime:0.000040s ]
[ info ] [ ROUTE ] array (
  'type' => 'method',
  'method' => 
  array (
    0 => '\\think\\addons\\Route',
    1 => 'execute',
  ),
  'var' => 
  array (
    'addon' => 'cms',
    'controller' => 'channel',
    'action' => 'index',
  ),
)
[ info ] [ HEADER ] array (
  'cookie' => 'Hm_lvt_1166d2ba6c66a5addbb755e9d3aa650f=1694415444; PHPSESSID=b8974u80vq247ou5fngn82mtkb; think_var=zh-cn; Hm_lpvt_1166d2ba6c66a5addbb755e9d3aa650f=1694769617',
  'accept-language' => 'zh-CN,zh;q=0.9,en;q=0.8',
  'accept-encoding' => 'gzip, deflate',
  'referer' => 'http://family123.com/youshijieshao.html',
  'accept' => 'text/html,application/xhtml+xml,application/xml;q=0.9,image/avif,image/webp,image/apng,*/*;q=0.8,application/signed-exchange;v=b3;q=0.7',
  'user-agent' => 'Mozilla/5.0 (Macintosh; Intel Mac OS X 10_15_7) AppleWebKit/537.36 (KHTML, like Gecko) Chrome/116.0.0.0 Safari/537.36',
  'upgrade-insecure-requests' => '1',
  'connection' => 'keep-alive',
  'host' => 'family123.com',
  'content-length' => '',
  'content-type' => '',
)
[ info ] [ PARAM ] array (
  'diyname' => 'woyaojiameng',
)
[ info ] [ RUN ] think\addons\Route->execute[ /Users/pan.liu/Documents/privateProject/familyMartOne/familymart1/vendor/karsonzhang/fastadmin-addons/src/addons/Route.php ]
[ info ] [ LANG ] /Users/pan.liu/Documents/privateProject/familyMartOne/familymart1/public/../application/common/lang/zh-cn/addon.php
[ info ] [ BEHAVIOR ] Run app\common\behavior\Common @addon_begin [ RunTime:0.000113s ]
[ info ] [ LANG ] /Users/pan.liu/Documents/privateProject/familyMartOne/familymart1/addons/cms/lang/zh-cn.php
[ info ] [ DB ] INIT mysql
[ info ] [ VIEW ] /Users/pan.liu/Documents/privateProject/familyMartOne/familymart1/addons/cms/view/default2/list_News.html [ array (
  0 => 'config',
  1 => 'user',
  2 => 'site',
  3 => '__CHANNEL__',
  4 => '__FILTERLIST__',
  5 => '__ORDERLIST__',
  6 => '__PAGELIST__',
) ]
[ info ] [ BEHAVIOR ] Run \addons\cms\Cms @view_filter [ RunTime:0.000028s ]
[ info ] [ LOG ] INIT File
---------------------------------------------------------------
[ 2023-09-15T17:23:23+08:00 ] 127.0.0.1 GET family123.com/woyaojiameng.html
[运行时间：0.015247s] [吞吐率：65.59req/s] [内存消耗：666.45kb] [文件加载：156]
[ info ] [ BEHAVIOR ] Run Closure @app_init [ RunTime:0.000013s ]
[ info ] [ CACHE ] INIT File
[ info ] [ BEHAVIOR ] Run \addons\cms\Cms @app_init [ RunTime:0.000209s ]
[ info ] [ BEHAVIOR ] Run Closure @app_init [ RunTime:0.000222s ]
[ info ] [ LANG ] /Users/pan.liu/Documents/privateProject/familyMartOne/familymart1/thinkphp/lang/zh-cn.php
[ info ] [ BEHAVIOR ] Run app\common\behavior\Common @app_dispatch [ RunTime:0.000052s ]
[ info ] [ ROUTE ] array (
  'type' => 'method',
  'method' => 
  array (
    0 => '\\think\\addons\\Route',
    1 => 'execute',
  ),
  'var' => 
  array (
    'addon' => 'cms',
    'controller' => 'channel',
    'action' => 'index',
  ),
)
[ info ] [ HEADER ] array (
  'cookie' => 'Hm_lvt_1166d2ba6c66a5addbb755e9d3aa650f=1694415444; PHPSESSID=b8974u80vq247ou5fngn82mtkb; think_var=zh-cn; Hm_lpvt_1166d2ba6c66a5addbb755e9d3aa650f=1694769622',
  'accept-language' => 'zh-CN,zh;q=0.9,en;q=0.8',
  'accept-encoding' => 'gzip, deflate',
  'referer' => 'http://family123.com/youshijieshao.html',
  'accept' => 'text/html,application/xhtml+xml,application/xml;q=0.9,image/avif,image/webp,image/apng,*/*;q=0.8,application/signed-exchange;v=b3;q=0.7',
  'user-agent' => 'Mozilla/5.0 (Macintosh; Intel Mac OS X 10_15_7) AppleWebKit/537.36 (KHTML, like Gecko) Chrome/116.0.0.0 Safari/537.36',
  'upgrade-insecure-requests' => '1',
  'cache-control' => 'max-age=0',
  'connection' => 'keep-alive',
  'host' => 'family123.com',
  'content-length' => '',
  'content-type' => '',
)
[ info ] [ PARAM ] array (
  'diyname' => 'woyaojiameng',
)
[ info ] [ RUN ] think\addons\Route->execute[ /Users/pan.liu/Documents/privateProject/familyMartOne/familymart1/vendor/karsonzhang/fastadmin-addons/src/addons/Route.php ]
[ info ] [ LANG ] /Users/pan.liu/Documents/privateProject/familyMartOne/familymart1/public/../application/common/lang/zh-cn/addon.php
[ info ] [ BEHAVIOR ] Run app\common\behavior\Common @addon_begin [ RunTime:0.000110s ]
[ info ] [ LANG ] /Users/pan.liu/Documents/privateProject/familyMartOne/familymart1/addons/cms/lang/zh-cn.php
[ info ] [ DB ] INIT mysql
[ info ] [ VIEW ] /Users/pan.liu/Documents/privateProject/familyMartOne/familymart1/addons/cms/view/default2/list_News.html [ array (
  0 => 'config',
  1 => 'user',
  2 => 'site',
  3 => '__CHANNEL__',
  4 => '__FILTERLIST__',
  5 => '__ORDERLIST__',
  6 => '__PAGELIST__',
) ]
[ info ] [ BEHAVIOR ] Run \addons\cms\Cms @view_filter [ RunTime:0.000027s ]
[ info ] [ LOG ] INIT File
---------------------------------------------------------------
[ 2023-09-15T17:25:26+08:00 ] 127.0.0.1 GET family123.com/cms.php/cms/channel/index?sort=weigh&order=desc&_=1694761697558
[运行时间：0.028435s] [吞吐率：35.17req/s] [内存消耗：651.55kb] [文件加载：144]
[ info ] [ BEHAVIOR ] Run Closure @app_init [ RunTime:0.000010s ]
[ info ] [ CACHE ] INIT File
[ info ] [ BEHAVIOR ] Run \addons\cms\Cms @app_init [ RunTime:0.000202s ]
[ info ] [ BEHAVIOR ] Run Closure @app_init [ RunTime:0.000212s ]
[ info ] [ LANG ] /Users/pan.liu/Documents/privateProject/familyMartOne/familymart1/thinkphp/lang/zh-cn.php
[ info ] [ BEHAVIOR ] Run app\common\behavior\Common @app_dispatch [ RunTime:0.000042s ]
[ info ] [ ROUTE ] array (
  'type' => 'module',
  'module' => 
  array (
    0 => 'admin',
    1 => 'cms.channel',
    2 => 'index',
  ),
)
[ info ] [ HEADER ] array (
  'cookie' => 'Hm_lvt_1166d2ba6c66a5addbb755e9d3aa650f=1694415444; PHPSESSID=b8974u80vq247ou5fngn82mtkb; think_var=zh-cn; Hm_lpvt_1166d2ba6c66a5addbb755e9d3aa650f=1694769804',
  'accept-language' => 'zh-CN,zh;q=0.9,en;q=0.8',
  'accept-encoding' => 'gzip, deflate',
  'content-type' => 'application/json',
  'user-agent' => 'Mozilla/5.0 (Macintosh; Intel Mac OS X 10_15_7) AppleWebKit/537.36 (KHTML, like Gecko) Chrome/116.0.0.0 Safari/537.36',
  'x-requested-with' => 'XMLHttpRequest',
  'accept' => 'application/json, text/javascript, */*; q=0.01',
  'connection' => 'keep-alive',
  'host' => 'family123.com',
  'content-length' => '',
)
[ info ] [ PARAM ] array (
  'sort' => 'weigh',
  'order' => 'desc',
  '_' => '1694761697558',
)
[ info ] [ LANG ] /Users/pan.liu/Documents/privateProject/familyMartOne/familymart1/public/../application/admin/lang/zh-cn.php
[ info ] [ BEHAVIOR ] Run app\common\behavior\Common @module_init [ RunTime:0.000072s ]
[ info ] [ SESSION ] INIT array (
  'id' => '',
  'var_session_id' => '',
  'prefix' => 'think',
  'type' => '',
  'auto_start' => true,
)
[ info ] [ DB ] INIT mysql
[ info ] [ LANG ] /Users/pan.liu/Documents/privateProject/familyMartOne/familymart1/public/../application/admin/lang/zh-cn/cms/channel.php
[ info ] [ RUN ] app\admin\controller\cms\Channel->index[ /Users/pan.liu/Documents/privateProject/familyMartOne/familymart1/application/admin/controller/cms/Channel.php ]
[ info ] [ BEHAVIOR ] Run app\admin\behavior\AdminLog @app_end [ RunTime:0.000061s ]
[ info ] [ LOG ] INIT File
---------------------------------------------------------------
[ 2023-09-15T17:25:31+08:00 ] 127.0.0.1 GET family123.com/cms.php/cms/channel/edit/ids/70?dialog=1
[运行时间：0.017198s] [吞吐率：58.15req/s] [内存消耗：802.03kb] [文件加载：148]
[ info ] [ BEHAVIOR ] Run Closure @app_init [ RunTime:0.000009s ]
[ info ] [ CACHE ] INIT File
[ info ] [ BEHAVIOR ] Run \addons\cms\Cms @app_init [ RunTime:0.000193s ]
[ info ] [ BEHAVIOR ] Run Closure @app_init [ RunTime:0.000203s ]
[ info ] [ LANG ] /Users/pan.liu/Documents/privateProject/familyMartOne/familymart1/thinkphp/lang/zh-cn.php
[ info ] [ BEHAVIOR ] Run app\common\behavior\Common @app_dispatch [ RunTime:0.000039s ]
[ info ] [ ROUTE ] array (
  'type' => 'module',
  'module' => 
  array (
    0 => 'admin',
    1 => 'cms.channel',
    2 => 'edit',
  ),
)
[ info ] [ HEADER ] array (
  'cookie' => 'Hm_lvt_1166d2ba6c66a5addbb755e9d3aa650f=1694415444; PHPSESSID=b8974u80vq247ou5fngn82mtkb; think_var=zh-cn; Hm_lpvt_1166d2ba6c66a5addbb755e9d3aa650f=1694769804',
  'accept-language' => 'zh-CN,zh;q=0.9,en;q=0.8',
  'accept-encoding' => 'gzip, deflate',
  'accept' => 'text/html,application/xhtml+xml,application/xml;q=0.9,image/avif,image/webp,image/apng,*/*;q=0.8,application/signed-exchange;v=b3;q=0.7',
  'user-agent' => 'Mozilla/5.0 (Macintosh; Intel Mac OS X 10_15_7) AppleWebKit/537.36 (KHTML, like Gecko) Chrome/116.0.0.0 Safari/537.36',
  'upgrade-insecure-requests' => '1',
  'connection' => 'keep-alive',
  'host' => 'family123.com',
  'content-length' => '',
  'content-type' => '',
)
[ info ] [ PARAM ] array (
  'dialog' => '1',
  'ids' => '70',
)
[ info ] [ LANG ] /Users/pan.liu/Documents/privateProject/familyMartOne/familymart1/public/../application/admin/lang/zh-cn.php
[ info ] [ BEHAVIOR ] Run app\common\behavior\Common @module_init [ RunTime:0.000062s ]
[ info ] [ SESSION ] INIT array (
  'id' => '',
  'var_session_id' => '',
  'prefix' => 'think',
  'type' => '',
  'auto_start' => true,
)
[ info ] [ DB ] INIT mysql
[ info ] [ LANG ] /Users/pan.liu/Documents/privateProject/familyMartOne/familymart1/public/../application/admin/lang/zh-cn/cms/channel.php
[ info ] [ RUN ] app\admin\controller\cms\Channel->edit[ /Users/pan.liu/Documents/privateProject/familyMartOne/familymart1/application/admin/controller/cms/Channel.php ]
[ info ] [ VIEW ] /Users/pan.liu/Documents/privateProject/familyMartOne/familymart1/public/../application/admin/view/cms/channel/edit.html [ array (
  0 => 'breadcrumb',
  1 => 'site',
  2 => 'config',
  3 => 'auth',
  4 => 'admin',
  5 => 'modelList',
  6 => 'channelList',
  7 => 'typeList',
  8 => 'statusList',
  9 => 'hasArchives',
  10 => 'fields',
  11 => 'values',
  12 => 'childrenIds',
  13 => 'row',
) ]
[ info ] [ BEHAVIOR ] Run \addons\cms\Cms @view_filter [ RunTime:0.000022s ]
[ info ] [ BEHAVIOR ] Run app\admin\behavior\AdminLog @app_end [ RunTime:0.000035s ]
[ info ] [ LOG ] INIT File
---------------------------------------------------------------
[ 2023-09-15T17:25:32+08:00 ] 127.0.0.1 GET family123.com/cms.php/ajax/lang?callback=define&controllername=cms.channel&lang=zh-cn&v=1694769931&v=1694769931
[运行时间：0.003007s] [吞吐率：332.56req/s] [内存消耗：262.43kb] [文件加载：134]
[ info ] [ BEHAVIOR ] Run Closure @app_init [ RunTime:0.000011s ]
[ info ] [ CACHE ] INIT File
[ info ] [ BEHAVIOR ] Run \addons\cms\Cms @app_init [ RunTime:0.000206s ]
[ info ] [ BEHAVIOR ] Run Closure @app_init [ RunTime:0.000278s ]
[ info ] [ LANG ] /Users/pan.liu/Documents/privateProject/familyMartOne/familymart1/thinkphp/lang/zh-cn.php
[ info ] [ BEHAVIOR ] Run app\common\behavior\Common @app_dispatch [ RunTime:0.000081s ]
[ info ] [ ROUTE ] array (
  'type' => 'module',
  'module' => 
  array (
    0 => 'admin',
    1 => 'ajax',
    2 => 'lang',
  ),
)
[ info ] [ HEADER ] array (
  'cookie' => 'Hm_lvt_1166d2ba6c66a5addbb755e9d3aa650f=1694415444; PHPSESSID=b8974u80vq247ou5fngn82mtkb; think_var=zh-cn; Hm_lpvt_1166d2ba6c66a5addbb755e9d3aa650f=1694769804',
  'accept-language' => 'zh-CN,zh;q=0.9,en;q=0.8',
  'accept-encoding' => 'gzip, deflate',
  'accept' => '*/*',
  'user-agent' => 'Mozilla/5.0 (Macintosh; Intel Mac OS X 10_15_7) AppleWebKit/537.36 (KHTML, like Gecko) Chrome/116.0.0.0 Safari/537.36',
  'connection' => 'keep-alive',
  'host' => 'family123.com',
  'content-length' => '',
  'content-type' => '',
)
[ info ] [ PARAM ] array (
  'callback' => 'define',
  'controllername' => 'cms.channel',
  'lang' => 'zh-cn',
  'v' => '1694769931',
)
[ info ] [ LANG ] /Users/pan.liu/Documents/privateProject/familyMartOne/familymart1/public/../application/admin/lang/zh-cn.php
[ info ] [ BEHAVIOR ] Run app\common\behavior\Common @module_init [ RunTime:0.000147s ]
[ info ] [ SESSION ] INIT array (
  'id' => '',
  'var_session_id' => '',
  'prefix' => 'think',
  'type' => '',
  'auto_start' => true,
)
[ info ] [ LANG ] /Users/pan.liu/Documents/privateProject/familyMartOne/familymart1/public/../application/admin/lang/zh-cn/ajax.php
[ info ] [ RUN ] app\admin\controller\Ajax->lang[ /Users/pan.liu/Documents/privateProject/familyMartOne/familymart1/application/admin/controller/Ajax.php ]
[ info ] [ LANG ] /Users/pan.liu/Documents/privateProject/familyMartOne/familymart1/public/../application/admin/lang/zh-cn/cms/channel.php
[ info ] [ BEHAVIOR ] Run app\admin\behavior\AdminLog @app_end [ RunTime:0.000022s ]
[ info ] [ LOG ] INIT File
---------------------------------------------------------------
[ 2023-09-15T17:25:32+08:00 ] 127.0.0.1 GET family123.com/uploads/20221120/5eaf631e001bef111c1195636f94bfc5.jpg
[运行时间：0.014048s] [吞吐率：71.18req/s] [内存消耗：122.73kb] [文件加载：119]
[ info ] [ BEHAVIOR ] Run Closure @app_init [ RunTime:0.000010s ]
[ info ] [ CACHE ] INIT File
[ info ] [ BEHAVIOR ] Run \addons\cms\Cms @app_init [ RunTime:0.010366s ]
[ info ] [ BEHAVIOR ] Run Closure @app_init [ RunTime:0.010387s ]
[ info ] [ LANG ] /Users/pan.liu/Documents/privateProject/familyMartOne/familymart1/thinkphp/lang/zh-cn.php
[ info ] [ BEHAVIOR ] Run app\common\behavior\Common @app_dispatch [ RunTime:0.000031s ]
[ info ] [ ROUTE ] array (
  'type' => 'module',
  'module' => 
  array (
    0 => 'uploads',
    1 => '20221120',
    2 => '5eaf631e001bef111c1195636f94bfc5.jpg',
  ),
)
[ info ] [ HEADER ] array (
  'cookie' => 'Hm_lvt_1166d2ba6c66a5addbb755e9d3aa650f=1694415444; PHPSESSID=b8974u80vq247ou5fngn82mtkb; think_var=zh-cn; Hm_lpvt_1166d2ba6c66a5addbb755e9d3aa650f=1694769804',
  'accept-language' => 'zh-CN,zh;q=0.9,en;q=0.8',
  'accept-encoding' => 'gzip, deflate',
  'accept' => 'image/avif,image/webp,image/apng,image/svg+xml,image/*,*/*;q=0.8',
  'user-agent' => 'Mozilla/5.0 (Macintosh; Intel Mac OS X 10_15_7) AppleWebKit/537.36 (KHTML, like Gecko) Chrome/116.0.0.0 Safari/537.36',
  'connection' => 'keep-alive',
  'host' => 'family123.com',
  'content-length' => '',
  'content-type' => '',
)
[ info ] [ PARAM ] array (
)
[ info ] [ LOG ] INIT File
---------------------------------------------------------------
[ 2023-09-15T17:25:32+08:00 ] 127.0.0.1 GET family123.com/cms.php/ajax/icon?suffix=jpg
[运行时间：0.004650s] [吞吐率：215.05req/s] [内存消耗：289.88kb] [文件加载：129]
[ info ] [ BEHAVIOR ] Run Closure @app_init [ RunTime:0.000011s ]
[ info ] [ CACHE ] INIT File
[ info ] [ BEHAVIOR ] Run \addons\cms\Cms @app_init [ RunTime:0.000154s ]
[ info ] [ BEHAVIOR ] Run Closure @app_init [ RunTime:0.000169s ]
[ info ] [ LANG ] /Users/pan.liu/Documents/privateProject/familyMartOne/familymart1/thinkphp/lang/zh-cn.php
[ info ] [ BEHAVIOR ] Run app\common\behavior\Common @app_dispatch [ RunTime:0.000019s ]
[ info ] [ ROUTE ] array (
  'type' => 'module',
  'module' => 
  array (
    0 => 'admin',
    1 => 'ajax',
    2 => 'icon',
  ),
)
[ info ] [ HEADER ] array (
  'cookie' => 'Hm_lvt_1166d2ba6c66a5addbb755e9d3aa650f=1694415444; PHPSESSID=b8974u80vq247ou5fngn82mtkb; think_var=zh-cn; Hm_lpvt_1166d2ba6c66a5addbb755e9d3aa650f=1694769804',
  'accept-language' => 'zh-CN,zh;q=0.9,en;q=0.8',
  'accept-encoding' => 'gzip, deflate',
  'accept' => 'image/avif,image/webp,image/apng,image/svg+xml,image/*,*/*;q=0.8',
  'user-agent' => 'Mozilla/5.0 (Macintosh; Intel Mac OS X 10_15_7) AppleWebKit/537.36 (KHTML, like Gecko) Chrome/116.0.0.0 Safari/537.36',
  'connection' => 'keep-alive',
  'host' => 'family123.com',
  'content-length' => '',
  'content-type' => '',
)
[ info ] [ PARAM ] array (
  'suffix' => 'jpg',
)
[ info ] [ LANG ] /Users/pan.liu/Documents/privateProject/familyMartOne/familymart1/public/../application/admin/lang/zh-cn.php
[ info ] [ BEHAVIOR ] Run app\common\behavior\Common @module_init [ RunTime:0.000043s ]
[ info ] [ SESSION ] INIT array (
  'id' => '',
  'var_session_id' => '',
  'prefix' => 'think',
  'type' => '',
  'auto_start' => true,
)
[ info ] [ LANG ] /Users/pan.liu/Documents/privateProject/familyMartOne/familymart1/public/../application/admin/lang/zh-cn/ajax.php
[ info ] [ RUN ] app\admin\controller\Ajax->icon[ /Users/pan.liu/Documents/privateProject/familyMartOne/familymart1/application/admin/controller/Ajax.php ]
[ info ] [ LOG ] INIT File
---------------------------------------------------------------
[ 2023-09-15T17:25:32+08:00 ] 127.0.0.1 POST family123.com/cms.php/cms/ajax/get_template_list
[运行时间：0.006854s] [吞吐率：145.90req/s] [内存消耗：490.81kb] [文件加载：140]
[ info ] [ BEHAVIOR ] Run Closure @app_init [ RunTime:0.000010s ]
[ info ] [ CACHE ] INIT File
[ info ] [ BEHAVIOR ] Run \addons\cms\Cms @app_init [ RunTime:0.000124s ]
[ info ] [ BEHAVIOR ] Run Closure @app_init [ RunTime:0.000135s ]
[ info ] [ LANG ] /Users/pan.liu/Documents/privateProject/familyMartOne/familymart1/thinkphp/lang/zh-cn.php
[ info ] [ BEHAVIOR ] Run app\common\behavior\Common @app_dispatch [ RunTime:0.000019s ]
[ info ] [ ROUTE ] array (
  'type' => 'module',
  'module' => 
  array (
    0 => 'admin',
    1 => 'cms.ajax',
    2 => 'get_template_list',
  ),
)
[ info ] [ HEADER ] array (
  'cookie' => 'Hm_lvt_1166d2ba6c66a5addbb755e9d3aa650f=1694415444; PHPSESSID=b8974u80vq247ou5fngn82mtkb; think_var=zh-cn; Hm_lpvt_1166d2ba6c66a5addbb755e9d3aa650f=1694769804',
  'accept-language' => 'zh-CN,zh;q=0.9,en;q=0.8',
  'accept-encoding' => 'gzip, deflate',
  'origin' => 'http://family123.com',
  'content-type' => 'application/x-www-form-urlencoded; charset=UTF-8',
  'user-agent' => 'Mozilla/5.0 (Macintosh; Intel Mac OS X 10_15_7) AppleWebKit/537.36 (KHTML, like Gecko) Chrome/116.0.0.0 Safari/537.36',
  'x-requested-with' => 'XMLHttpRequest',
  'accept' => 'application/json, text/javascript, */*; q=0.01',
  'content-length' => '197',
  'connection' => 'keep-alive',
  'host' => 'family123.com',
)
[ info ] [ PARAM ] array (
  'searchTable' => 'tbl',
  'searchKey' => 'name',
  'searchValue' => 'list_News.html',
  'orderBy' => 
  array (
    0 => 
    array (
      0 => 'name',
      1 => 'ASC',
    ),
  ),
  'showField' => 'name',
  'keyField' => 'name',
  'keyValue' => 'list_News.html',
  'searchField' => 
  array (
    0 => 'name',
  ),
  'type' => 'channel',
)
[ info ] [ LANG ] /Users/pan.liu/Documents/privateProject/familyMartOne/familymart1/public/../application/admin/lang/zh-cn.php
[ info ] [ BEHAVIOR ] Run app\common\behavior\Common @module_init [ RunTime:0.000044s ]
[ info ] [ SESSION ] INIT array (
  'id' => '',
  'var_session_id' => '',
  'prefix' => 'think',
  'type' => '',
  'auto_start' => true,
)
[ info ] [ LANG ] /Users/pan.liu/Documents/privateProject/familyMartOne/familymart1/public/../application/admin/lang/zh-cn/cms/ajax.php
[ info ] [ RUN ] app\admin\controller\cms\Ajax->get_template_list[ /Users/pan.liu/Documents/privateProject/familyMartOne/familymart1/application/admin/controller/cms/Ajax.php ]
[ info ] [ DB ] INIT mysql
[ info ] [ BEHAVIOR ] Run app\admin\behavior\AdminLog @app_end [ RunTime:0.004697s ]
[ info ] [ LOG ] INIT File
---------------------------------------------------------------
[ 2023-09-15T17:25:32+08:00 ] 127.0.0.1 POST family123.com/cms.php/cms/ajax/get_template_list
[运行时间：0.017885s] [吞吐率：55.91req/s] [内存消耗：490.75kb] [文件加载：140]
[ info ] [ BEHAVIOR ] Run Closure @app_init [ RunTime:0.000009s ]
[ info ] [ CACHE ] INIT File
[ info ] [ BEHAVIOR ] Run \addons\cms\Cms @app_init [ RunTime:0.000248s ]
[ info ] [ BEHAVIOR ] Run Closure @app_init [ RunTime:0.000263s ]
[ info ] [ LANG ] /Users/pan.liu/Documents/privateProject/familyMartOne/familymart1/thinkphp/lang/zh-cn.php
[ info ] [ BEHAVIOR ] Run app\common\behavior\Common @app_dispatch [ RunTime:0.000027s ]
[ info ] [ ROUTE ] array (
  'type' => 'module',
  'module' => 
  array (
    0 => 'admin',
    1 => 'cms.ajax',
    2 => 'get_template_list',
  ),
)
[ info ] [ HEADER ] array (
  'cookie' => 'Hm_lvt_1166d2ba6c66a5addbb755e9d3aa650f=1694415444; PHPSESSID=b8974u80vq247ou5fngn82mtkb; think_var=zh-cn; Hm_lpvt_1166d2ba6c66a5addbb755e9d3aa650f=1694769804',
  'accept-language' => 'zh-CN,zh;q=0.9,en;q=0.8',
  'accept-encoding' => 'gzip, deflate',
  'origin' => 'http://family123.com',
  'content-type' => 'application/x-www-form-urlencoded; charset=UTF-8',
  'user-agent' => 'Mozilla/5.0 (Macintosh; Intel Mac OS X 10_15_7) AppleWebKit/537.36 (KHTML, like Gecko) Chrome/116.0.0.0 Safari/537.36',
  'x-requested-with' => 'XMLHttpRequest',
  'accept' => 'application/json, text/javascript, */*; q=0.01',
  'content-length' => '194',
  'connection' => 'keep-alive',
  'host' => 'family123.com',
)
[ info ] [ PARAM ] array (
  'searchTable' => 'tbl',
  'searchKey' => 'name',
  'searchValue' => 'list_News.html',
  'orderBy' => 
  array (
    0 => 
    array (
      0 => 'name',
      1 => 'ASC',
    ),
  ),
  'showField' => 'name',
  'keyField' => 'name',
  'keyValue' => 'list_News.html',
  'searchField' => 
  array (
    0 => 'name',
  ),
  'type' => 'list',
)
[ info ] [ LANG ] /Users/pan.liu/Documents/privateProject/familyMartOne/familymart1/public/../application/admin/lang/zh-cn.php
[ info ] [ BEHAVIOR ] Run app\common\behavior\Common @module_init [ RunTime:0.000048s ]
[ info ] [ SESSION ] INIT array (
  'id' => '',
  'var_session_id' => '',
  'prefix' => 'think',
  'type' => '',
  'auto_start' => true,
)
[ info ] [ LANG ] /Users/pan.liu/Documents/privateProject/familyMartOne/familymart1/public/../application/admin/lang/zh-cn/cms/ajax.php
[ info ] [ RUN ] app\admin\controller\cms\Ajax->get_template_list[ /Users/pan.liu/Documents/privateProject/familyMartOne/familymart1/application/admin/controller/cms/Ajax.php ]
[ info ] [ DB ] INIT mysql
[ info ] [ BEHAVIOR ] Run app\admin\behavior\AdminLog @app_end [ RunTime:0.012036s ]
[ info ] [ LOG ] INIT File
---------------------------------------------------------------
[ 2023-09-15T17:25:32+08:00 ] 127.0.0.1 POST family123.com/cms.php/cms/ajax/get_template_list
[运行时间：0.051312s] [吞吐率：19.49req/s] [内存消耗：490.75kb] [文件加载：140]
[ info ] [ BEHAVIOR ] Run Closure @app_init [ RunTime:0.000012s ]
[ info ] [ CACHE ] INIT File
[ info ] [ BEHAVIOR ] Run \addons\cms\Cms @app_init [ RunTime:0.000135s ]
[ info ] [ BEHAVIOR ] Run Closure @app_init [ RunTime:0.000147s ]
[ info ] [ LANG ] /Users/pan.liu/Documents/privateProject/familyMartOne/familymart1/thinkphp/lang/zh-cn.php
[ info ] [ BEHAVIOR ] Run app\common\behavior\Common @app_dispatch [ RunTime:0.000019s ]
[ info ] [ ROUTE ] array (
  'type' => 'module',
  'module' => 
  array (
    0 => 'admin',
    1 => 'cms.ajax',
    2 => 'get_template_list',
  ),
)
[ info ] [ HEADER ] array (
  'cookie' => 'Hm_lvt_1166d2ba6c66a5addbb755e9d3aa650f=1694415444; PHPSESSID=b8974u80vq247ou5fngn82mtkb; think_var=zh-cn; Hm_lpvt_1166d2ba6c66a5addbb755e9d3aa650f=1694769804',
  'accept-language' => 'zh-CN,zh;q=0.9,en;q=0.8',
  'accept-encoding' => 'gzip, deflate',
  'origin' => 'http://family123.com',
  'content-type' => 'application/x-www-form-urlencoded; charset=UTF-8',
  'user-agent' => 'Mozilla/5.0 (Macintosh; Intel Mac OS X 10_15_7) AppleWebKit/537.36 (KHTML, like Gecko) Chrome/116.0.0.0 Safari/537.36',
  'x-requested-with' => 'XMLHttpRequest',
  'accept' => 'application/json, text/javascript, */*; q=0.01',
  'content-length' => '194',
  'connection' => 'keep-alive',
  'host' => 'family123.com',
)
[ info ] [ PARAM ] array (
  'searchTable' => 'tbl',
  'searchKey' => 'name',
  'searchValue' => 'show_News.html',
  'orderBy' => 
  array (
    0 => 
    array (
      0 => 'name',
      1 => 'ASC',
    ),
  ),
  'showField' => 'name',
  'keyField' => 'name',
  'keyValue' => 'show_News.html',
  'searchField' => 
  array (
    0 => 'name',
  ),
  'type' => 'show',
)
[ info ] [ LANG ] /Users/pan.liu/Documents/privateProject/familyMartOne/familymart1/public/../application/admin/lang/zh-cn.php
[ info ] [ BEHAVIOR ] Run app\common\behavior\Common @module_init [ RunTime:0.000047s ]
[ info ] [ SESSION ] INIT array (
  'id' => '',
  'var_session_id' => '',
  'prefix' => 'think',
  'type' => '',
  'auto_start' => true,
)
[ info ] [ LANG ] /Users/pan.liu/Documents/privateProject/familyMartOne/familymart1/public/../application/admin/lang/zh-cn/cms/ajax.php
[ info ] [ RUN ] app\admin\controller\cms\Ajax->get_template_list[ /Users/pan.liu/Documents/privateProject/familyMartOne/familymart1/application/admin/controller/cms/Ajax.php ]
[ info ] [ DB ] INIT mysql
[ info ] [ BEHAVIOR ] Run app\admin\behavior\AdminLog @app_end [ RunTime:0.034469s ]
[ info ] [ LOG ] INIT File
---------------------------------------------------------------
[ 2023-09-15T17:26:26+08:00 ] 127.0.0.1 GET family123.com/woyaojiameng.html
[运行时间：0.014037s] [吞吐率：71.24req/s] [内存消耗：666.53kb] [文件加载：156]
[ info ] [ BEHAVIOR ] Run Closure @app_init [ RunTime:0.000010s ]
[ info ] [ CACHE ] INIT File
[ info ] [ BEHAVIOR ] Run \addons\cms\Cms @app_init [ RunTime:0.000210s ]
[ info ] [ BEHAVIOR ] Run Closure @app_init [ RunTime:0.000222s ]
[ info ] [ LANG ] /Users/pan.liu/Documents/privateProject/familyMartOne/familymart1/thinkphp/lang/zh-cn.php
[ info ] [ BEHAVIOR ] Run app\common\behavior\Common @app_dispatch [ RunTime:0.000043s ]
[ info ] [ ROUTE ] array (
  'type' => 'method',
  'method' => 
  array (
    0 => '\\think\\addons\\Route',
    1 => 'execute',
  ),
  'var' => 
  array (
    'addon' => 'cms',
    'controller' => 'channel',
    'action' => 'index',
  ),
)
[ info ] [ HEADER ] array (
  'cookie' => 'Hm_lvt_1166d2ba6c66a5addbb755e9d3aa650f=1694415444; PHPSESSID=b8974u80vq247ou5fngn82mtkb; think_var=zh-cn; Hm_lpvt_1166d2ba6c66a5addbb755e9d3aa650f=1694769804',
  'accept-language' => 'zh-CN,zh;q=0.9,en;q=0.8',
  'accept-encoding' => 'gzip, deflate',
  'referer' => 'http://family123.com/youshijieshao.html',
  'accept' => 'text/html,application/xhtml+xml,application/xml;q=0.9,image/avif,image/webp,image/apng,*/*;q=0.8,application/signed-exchange;v=b3;q=0.7',
  'user-agent' => 'Mozilla/5.0 (Macintosh; Intel Mac OS X 10_15_7) AppleWebKit/537.36 (KHTML, like Gecko) Chrome/116.0.0.0 Safari/537.36',
  'upgrade-insecure-requests' => '1',
  'cache-control' => 'max-age=0',
  'connection' => 'keep-alive',
  'host' => 'family123.com',
  'content-length' => '',
  'content-type' => '',
)
[ info ] [ PARAM ] array (
  'diyname' => 'woyaojiameng',
)
[ info ] [ RUN ] think\addons\Route->execute[ /Users/pan.liu/Documents/privateProject/familyMartOne/familymart1/vendor/karsonzhang/fastadmin-addons/src/addons/Route.php ]
[ info ] [ LANG ] /Users/pan.liu/Documents/privateProject/familyMartOne/familymart1/public/../application/common/lang/zh-cn/addon.php
[ info ] [ BEHAVIOR ] Run app\common\behavior\Common @addon_begin [ RunTime:0.000114s ]
[ info ] [ LANG ] /Users/pan.liu/Documents/privateProject/familyMartOne/familymart1/addons/cms/lang/zh-cn.php
[ info ] [ DB ] INIT mysql
[ info ] [ VIEW ] /Users/pan.liu/Documents/privateProject/familyMartOne/familymart1/addons/cms/view/default2/list_News.html [ array (
  0 => 'config',
  1 => 'user',
  2 => 'site',
  3 => '__CHANNEL__',
  4 => '__FILTERLIST__',
  5 => '__ORDERLIST__',
  6 => '__PAGELIST__',
) ]
[ info ] [ BEHAVIOR ] Run \addons\cms\Cms @view_filter [ RunTime:0.000027s ]
[ info ] [ LOG ] INIT File
---------------------------------------------------------------
[ 2023-09-15T17:26:30+08:00 ] 127.0.0.1 GET family123.com/youshijieshao.html
[运行时间：0.017288s] [吞吐率：57.84req/s] [内存消耗：596.05kb] [文件加载：154]
[ info ] [ BEHAVIOR ] Run Closure @app_init [ RunTime:0.000010s ]
[ info ] [ CACHE ] INIT File
[ info ] [ BEHAVIOR ] Run \addons\cms\Cms @app_init [ RunTime:0.000260s ]
[ info ] [ BEHAVIOR ] Run Closure @app_init [ RunTime:0.000282s ]
[ info ] [ LANG ] /Users/pan.liu/Documents/privateProject/familyMartOne/familymart1/thinkphp/lang/zh-cn.php
[ info ] [ BEHAVIOR ] Run app\common\behavior\Common @app_dispatch [ RunTime:0.000027s ]
[ info ] [ ROUTE ] array (
  'type' => 'method',
  'method' => 
  array (
    0 => '\\think\\addons\\Route',
    1 => 'execute',
  ),
  'var' => 
  array (
    'addon' => 'cms',
    'controller' => 'channel',
    'action' => 'index',
  ),
)
[ info ] [ HEADER ] array (
  'cookie' => 'Hm_lvt_1166d2ba6c66a5addbb755e9d3aa650f=1694415444; PHPSESSID=b8974u80vq247ou5fngn82mtkb; think_var=zh-cn; Hm_lpvt_1166d2ba6c66a5addbb755e9d3aa650f=1694769987',
  'accept-language' => 'zh-CN,zh;q=0.9,en;q=0.8',
  'accept-encoding' => 'gzip, deflate',
  'referer' => 'http://family123.com/woyaojiameng.html',
  'accept' => 'text/html,application/xhtml+xml,application/xml;q=0.9,image/avif,image/webp,image/apng,*/*;q=0.8,application/signed-exchange;v=b3;q=0.7',
  'user-agent' => 'Mozilla/5.0 (Macintosh; Intel Mac OS X 10_15_7) AppleWebKit/537.36 (KHTML, like Gecko) Chrome/116.0.0.0 Safari/537.36',
  'upgrade-insecure-requests' => '1',
  'connection' => 'keep-alive',
  'host' => 'family123.com',
  'content-length' => '',
  'content-type' => '',
)
[ info ] [ PARAM ] array (
  'diyname' => 'youshijieshao',
)
[ info ] [ RUN ] think\addons\Route->execute[ /Users/pan.liu/Documents/privateProject/familyMartOne/familymart1/vendor/karsonzhang/fastadmin-addons/src/addons/Route.php ]
[ info ] [ LANG ] /Users/pan.liu/Documents/privateProject/familyMartOne/familymart1/public/../application/common/lang/zh-cn/addon.php
[ info ] [ BEHAVIOR ] Run app\common\behavior\Common @addon_begin [ RunTime:0.000092s ]
[ info ] [ LANG ] /Users/pan.liu/Documents/privateProject/familyMartOne/familymart1/addons/cms/lang/zh-cn.php
[ info ] [ DB ] INIT mysql
[ info ] [ VIEW ] /Users/pan.liu/Documents/privateProject/familyMartOne/familymart1/addons/cms/view/default2/list_News.html [ array (
  0 => 'config',
  1 => 'user',
  2 => 'site',
  3 => '__CHANNEL__',
  4 => '__FILTERLIST__',
  5 => '__ORDERLIST__',
  6 => '__PAGELIST__',
) ]
[ info ] [ LOG ] INIT File
[ error ] [0]类的属性不存在:addons\cms\model\Archives->lanmujj[/Users/pan.liu/Documents/privateProject/familyMartOne/familymart1/thinkphp/library/think/Model.php:626]
---------------------------------------------------------------
[ 2023-09-15T17:27:57+08:00 ] 127.0.0.1 GET family123.com/youshijieshao.html
[运行时间：0.016511s] [吞吐率：60.57req/s] [内存消耗：684.75kb] [文件加载：156]
[ info ] [ BEHAVIOR ] Run Closure @app_init [ RunTime:0.000011s ]
[ info ] [ CACHE ] INIT File
[ info ] [ BEHAVIOR ] Run \addons\cms\Cms @app_init [ RunTime:0.000376s ]
[ info ] [ BEHAVIOR ] Run Closure @app_init [ RunTime:0.000388s ]
[ info ] [ LANG ] /Users/pan.liu/Documents/privateProject/familyMartOne/familymart1/thinkphp/lang/zh-cn.php
[ info ] [ BEHAVIOR ] Run app\common\behavior\Common @app_dispatch [ RunTime:0.000044s ]
[ info ] [ ROUTE ] array (
  'type' => 'method',
  'method' => 
  array (
    0 => '\\think\\addons\\Route',
    1 => 'execute',
  ),
  'var' => 
  array (
    'addon' => 'cms',
    'controller' => 'channel',
    'action' => 'index',
  ),
)
[ info ] [ HEADER ] array (
  'cookie' => 'Hm_lvt_1166d2ba6c66a5addbb755e9d3aa650f=1694415444; PHPSESSID=b8974u80vq247ou5fngn82mtkb; think_var=zh-cn; Hm_lpvt_1166d2ba6c66a5addbb755e9d3aa650f=1694769987',
  'accept-language' => 'zh-CN,zh;q=0.9,en;q=0.8',
  'accept-encoding' => 'gzip, deflate',
  'referer' => 'http://family123.com/woyaojiameng.html',
  'accept' => 'text/html,application/xhtml+xml,application/xml;q=0.9,image/avif,image/webp,image/apng,*/*;q=0.8,application/signed-exchange;v=b3;q=0.7',
  'user-agent' => 'Mozilla/5.0 (Macintosh; Intel Mac OS X 10_15_7) AppleWebKit/537.36 (KHTML, like Gecko) Chrome/116.0.0.0 Safari/537.36',
  'upgrade-insecure-requests' => '1',
  'cache-control' => 'max-age=0',
  'connection' => 'keep-alive',
  'host' => 'family123.com',
  'content-length' => '',
  'content-type' => '',
)
[ info ] [ PARAM ] array (
  'diyname' => 'youshijieshao',
)
[ info ] [ RUN ] think\addons\Route->execute[ /Users/pan.liu/Documents/privateProject/familyMartOne/familymart1/vendor/karsonzhang/fastadmin-addons/src/addons/Route.php ]
[ info ] [ LANG ] /Users/pan.liu/Documents/privateProject/familyMartOne/familymart1/public/../application/common/lang/zh-cn/addon.php
[ info ] [ BEHAVIOR ] Run app\common\behavior\Common @addon_begin [ RunTime:0.000111s ]
[ info ] [ LANG ] /Users/pan.liu/Documents/privateProject/familyMartOne/familymart1/addons/cms/lang/zh-cn.php
[ info ] [ DB ] INIT mysql
[ info ] [ VIEW ] /Users/pan.liu/Documents/privateProject/familyMartOne/familymart1/addons/cms/view/default2/list_News.html [ array (
  0 => 'config',
  1 => 'user',
  2 => 'site',
  3 => '__CHANNEL__',
  4 => '__FILTERLIST__',
  5 => '__ORDERLIST__',
  6 => '__PAGELIST__',
) ]
[ info ] [ BEHAVIOR ] Run \addons\cms\Cms @view_filter [ RunTime:0.000028s ]
[ info ] [ LOG ] INIT File
---------------------------------------------------------------
[ 2023-09-15T17:28:15+08:00 ] 127.0.0.1 POST family123.com/cms.php/cms/ajax/get_title_pinyin
[运行时间：0.030608s] [吞吐率：32.67req/s] [内存消耗：554.55kb] [文件加载：150]
[ info ] [ BEHAVIOR ] Run Closure @app_init [ RunTime:0.000012s ]
[ info ] [ CACHE ] INIT File
[ info ] [ BEHAVIOR ] Run \addons\cms\Cms @app_init [ RunTime:0.000367s ]
[ info ] [ BEHAVIOR ] Run Closure @app_init [ RunTime:0.000384s ]
[ info ] [ LANG ] /Users/pan.liu/Documents/privateProject/familyMartOne/familymart1/thinkphp/lang/zh-cn.php
[ info ] [ BEHAVIOR ] Run app\common\behavior\Common @app_dispatch [ RunTime:0.000036s ]
[ info ] [ ROUTE ] array (
  'type' => 'module',
  'module' => 
  array (
    0 => 'admin',
    1 => 'cms.ajax',
    2 => 'get_title_pinyin',
  ),
)
[ info ] [ HEADER ] array (
  'cookie' => 'Hm_lvt_1166d2ba6c66a5addbb755e9d3aa650f=1694415444; PHPSESSID=b8974u80vq247ou5fngn82mtkb; think_var=zh-cn; Hm_lpvt_1166d2ba6c66a5addbb755e9d3aa650f=1694770077',
  'accept-language' => 'zh-CN,zh;q=0.9,en;q=0.8',
  'accept-encoding' => 'gzip, deflate',
  'origin' => 'http://family123.com',
  'content-type' => 'application/x-www-form-urlencoded; charset=UTF-8',
  'user-agent' => 'Mozilla/5.0 (Macintosh; Intel Mac OS X 10_15_7) AppleWebKit/537.36 (KHTML, like Gecko) Chrome/116.0.0.0 Safari/537.36',
  'x-requested-with' => 'XMLHttpRequest',
  'accept' => 'application/json, text/javascript, */*; q=0.01',
  'content-length' => '42',
  'connection' => 'keep-alive',
  'host' => 'family123.com',
)
[ info ] [ PARAM ] array (
  'title' => '我要加盟',
)
[ info ] [ LANG ] /Users/pan.liu/Documents/privateProject/familyMartOne/familymart1/public/../application/admin/lang/zh-cn.php
[ info ] [ BEHAVIOR ] Run app\common\behavior\Common @module_init [ RunTime:0.000065s ]
[ info ] [ SESSION ] INIT array (
  'id' => '',
  'var_session_id' => '',
  'prefix' => 'think',
  'type' => '',
  'auto_start' => true,
)
[ info ] [ LANG ] /Users/pan.liu/Documents/privateProject/familyMartOne/familymart1/public/../application/admin/lang/zh-cn/cms/ajax.php
[ info ] [ RUN ] app\admin\controller\cms\Ajax->get_title_pinyin[ /Users/pan.liu/Documents/privateProject/familyMartOne/familymart1/application/admin/controller/cms/Ajax.php ]
[ info ] [ DB ] INIT mysql
[ info ] [ BEHAVIOR ] Run app\admin\behavior\AdminLog @app_end [ RunTime:0.003879s ]
[ info ] [ LOG ] INIT File
---------------------------------------------------------------
[ 2023-09-15T17:28:27+08:00 ] 127.0.0.1 GET family123.com/cms.php/cms/channel/edit/ids/68?dialog=1
[运行时间：0.014424s] [吞吐率：69.33req/s] [内存消耗：802.03kb] [文件加载：148]
[ info ] [ BEHAVIOR ] Run Closure @app_init [ RunTime:0.000010s ]
[ info ] [ CACHE ] INIT File
[ info ] [ BEHAVIOR ] Run \addons\cms\Cms @app_init [ RunTime:0.000193s ]
[ info ] [ BEHAVIOR ] Run Closure @app_init [ RunTime:0.000203s ]
[ info ] [ LANG ] /Users/pan.liu/Documents/privateProject/familyMartOne/familymart1/thinkphp/lang/zh-cn.php
[ info ] [ BEHAVIOR ] Run app\common\behavior\Common @app_dispatch [ RunTime:0.000038s ]
[ info ] [ ROUTE ] array (
  'type' => 'module',
  'module' => 
  array (
    0 => 'admin',
    1 => 'cms.channel',
    2 => 'edit',
  ),
)
[ info ] [ HEADER ] array (
  'cookie' => 'Hm_lvt_1166d2ba6c66a5addbb755e9d3aa650f=1694415444; PHPSESSID=b8974u80vq247ou5fngn82mtkb; think_var=zh-cn; Hm_lpvt_1166d2ba6c66a5addbb755e9d3aa650f=1694770077',
  'accept-language' => 'zh-CN,zh;q=0.9,en;q=0.8',
  'accept-encoding' => 'gzip, deflate',
  'accept' => 'text/html,application/xhtml+xml,application/xml;q=0.9,image/avif,image/webp,image/apng,*/*;q=0.8,application/signed-exchange;v=b3;q=0.7',
  'user-agent' => 'Mozilla/5.0 (Macintosh; Intel Mac OS X 10_15_7) AppleWebKit/537.36 (KHTML, like Gecko) Chrome/116.0.0.0 Safari/537.36',
  'upgrade-insecure-requests' => '1',
  'connection' => 'keep-alive',
  'host' => 'family123.com',
  'content-length' => '',
  'content-type' => '',
)
[ info ] [ PARAM ] array (
  'dialog' => '1',
  'ids' => '68',
)
[ info ] [ LANG ] /Users/pan.liu/Documents/privateProject/familyMartOne/familymart1/public/../application/admin/lang/zh-cn.php
[ info ] [ BEHAVIOR ] Run app\common\behavior\Common @module_init [ RunTime:0.000059s ]
[ info ] [ SESSION ] INIT array (
  'id' => '',
  'var_session_id' => '',
  'prefix' => 'think',
  'type' => '',
  'auto_start' => true,
)
[ info ] [ DB ] INIT mysql
[ info ] [ LANG ] /Users/pan.liu/Documents/privateProject/familyMartOne/familymart1/public/../application/admin/lang/zh-cn/cms/channel.php
[ info ] [ RUN ] app\admin\controller\cms\Channel->edit[ /Users/pan.liu/Documents/privateProject/familyMartOne/familymart1/application/admin/controller/cms/Channel.php ]
[ info ] [ VIEW ] /Users/pan.liu/Documents/privateProject/familyMartOne/familymart1/public/../application/admin/view/cms/channel/edit.html [ array (
  0 => 'breadcrumb',
  1 => 'site',
  2 => 'config',
  3 => 'auth',
  4 => 'admin',
  5 => 'modelList',
  6 => 'channelList',
  7 => 'typeList',
  8 => 'statusList',
  9 => 'hasArchives',
  10 => 'fields',
  11 => 'values',
  12 => 'childrenIds',
  13 => 'row',
) ]
[ info ] [ BEHAVIOR ] Run \addons\cms\Cms @view_filter [ RunTime:0.000021s ]
[ info ] [ BEHAVIOR ] Run app\admin\behavior\AdminLog @app_end [ RunTime:0.000031s ]
[ info ] [ LOG ] INIT File
---------------------------------------------------------------
[ 2023-09-15T17:28:27+08:00 ] 127.0.0.1 GET family123.com/cms.php/ajax/lang?callback=define&controllername=cms.channel&lang=zh-cn&v=1694770107&v=1694770107
[运行时间：0.003075s] [吞吐率：325.22req/s] [内存消耗：262.43kb] [文件加载：134]
[ info ] [ BEHAVIOR ] Run Closure @app_init [ RunTime:0.000011s ]
[ info ] [ CACHE ] INIT File
[ info ] [ BEHAVIOR ] Run \addons\cms\Cms @app_init [ RunTime:0.000287s ]
[ info ] [ BEHAVIOR ] Run Closure @app_init [ RunTime:0.000319s ]
[ info ] [ LANG ] /Users/pan.liu/Documents/privateProject/familyMartOne/familymart1/thinkphp/lang/zh-cn.php
[ info ] [ BEHAVIOR ] Run app\common\behavior\Common @app_dispatch [ RunTime:0.000051s ]
[ info ] [ ROUTE ] array (
  'type' => 'module',
  'module' => 
  array (
    0 => 'admin',
    1 => 'ajax',
    2 => 'lang',
  ),
)
[ info ] [ HEADER ] array (
  'cookie' => 'Hm_lvt_1166d2ba6c66a5addbb755e9d3aa650f=1694415444; PHPSESSID=b8974u80vq247ou5fngn82mtkb; think_var=zh-cn; Hm_lpvt_1166d2ba6c66a5addbb755e9d3aa650f=1694770077',
  'accept-language' => 'zh-CN,zh;q=0.9,en;q=0.8',
  'accept-encoding' => 'gzip, deflate',
  'accept' => '*/*',
  'user-agent' => 'Mozilla/5.0 (Macintosh; Intel Mac OS X 10_15_7) AppleWebKit/537.36 (KHTML, like Gecko) Chrome/116.0.0.0 Safari/537.36',
  'connection' => 'keep-alive',
  'host' => 'family123.com',
  'content-length' => '',
  'content-type' => '',
)
[ info ] [ PARAM ] array (
  'callback' => 'define',
  'controllername' => 'cms.channel',
  'lang' => 'zh-cn',
  'v' => '1694770107',
)
[ info ] [ LANG ] /Users/pan.liu/Documents/privateProject/familyMartOne/familymart1/public/../application/admin/lang/zh-cn.php
[ info ] [ BEHAVIOR ] Run app\common\behavior\Common @module_init [ RunTime:0.000132s ]
[ info ] [ SESSION ] INIT array (
  'id' => '',
  'var_session_id' => '',
  'prefix' => 'think',
  'type' => '',
  'auto_start' => true,
)
[ info ] [ LANG ] /Users/pan.liu/Documents/privateProject/familyMartOne/familymart1/public/../application/admin/lang/zh-cn/ajax.php
[ info ] [ RUN ] app\admin\controller\Ajax->lang[ /Users/pan.liu/Documents/privateProject/familyMartOne/familymart1/application/admin/controller/Ajax.php ]
[ info ] [ LANG ] /Users/pan.liu/Documents/privateProject/familyMartOne/familymart1/public/../application/admin/lang/zh-cn/cms/channel.php
[ info ] [ BEHAVIOR ] Run app\admin\behavior\AdminLog @app_end [ RunTime:0.000018s ]
[ info ] [ LOG ] INIT File
---------------------------------------------------------------
[ 2023-09-15T17:28:28+08:00 ] 127.0.0.1 POST family123.com/cms.php/cms/ajax/get_template_list
[运行时间：0.007650s] [吞吐率：130.72req/s] [内存消耗：490.81kb] [文件加载：140]
[ info ] [ BEHAVIOR ] Run Closure @app_init [ RunTime:0.000010s ]
[ info ] [ CACHE ] INIT File
[ info ] [ BEHAVIOR ] Run \addons\cms\Cms @app_init [ RunTime:0.000748s ]
[ info ] [ BEHAVIOR ] Run Closure @app_init [ RunTime:0.000766s ]
[ info ] [ LANG ] /Users/pan.liu/Documents/privateProject/familyMartOne/familymart1/thinkphp/lang/zh-cn.php
[ info ] [ BEHAVIOR ] Run app\common\behavior\Common @app_dispatch [ RunTime:0.000031s ]
[ info ] [ ROUTE ] array (
  'type' => 'module',
  'module' => 
  array (
    0 => 'admin',
    1 => 'cms.ajax',
    2 => 'get_template_list',
  ),
)
[ info ] [ HEADER ] array (
  'cookie' => 'Hm_lvt_1166d2ba6c66a5addbb755e9d3aa650f=1694415444; PHPSESSID=b8974u80vq247ou5fngn82mtkb; think_var=zh-cn; Hm_lpvt_1166d2ba6c66a5addbb755e9d3aa650f=1694770077',
  'accept-language' => 'zh-CN,zh;q=0.9,en;q=0.8',
  'accept-encoding' => 'gzip, deflate',
  'origin' => 'http://family123.com',
  'content-type' => 'application/x-www-form-urlencoded; charset=UTF-8',
  'user-agent' => 'Mozilla/5.0 (Macintosh; Intel Mac OS X 10_15_7) AppleWebKit/537.36 (KHTML, like Gecko) Chrome/116.0.0.0 Safari/537.36',
  'x-requested-with' => 'XMLHttpRequest',
  'accept' => 'application/json, text/javascript, */*; q=0.01',
  'content-length' => '197',
  'connection' => 'keep-alive',
  'host' => 'family123.com',
)
[ info ] [ PARAM ] array (
  'searchTable' => 'tbl',
  'searchKey' => 'name',
  'searchValue' => 'list_News.html',
  'orderBy' => 
  array (
    0 => 
    array (
      0 => 'name',
      1 => 'ASC',
    ),
  ),
  'showField' => 'name',
  'keyField' => 'name',
  'keyValue' => 'list_News.html',
  'searchField' => 
  array (
    0 => 'name',
  ),
  'type' => 'channel',
)
[ info ] [ LANG ] /Users/pan.liu/Documents/privateProject/familyMartOne/familymart1/public/../application/admin/lang/zh-cn.php
[ info ] [ BEHAVIOR ] Run app\common\behavior\Common @module_init [ RunTime:0.000092s ]
[ info ] [ SESSION ] INIT array (
  'id' => '',
  'var_session_id' => '',
  'prefix' => 'think',
  'type' => '',
  'auto_start' => true,
)
[ info ] [ LANG ] /Users/pan.liu/Documents/privateProject/familyMartOne/familymart1/public/../application/admin/lang/zh-cn/cms/ajax.php
[ info ] [ RUN ] app\admin\controller\cms\Ajax->get_template_list[ /Users/pan.liu/Documents/privateProject/familyMartOne/familymart1/application/admin/controller/cms/Ajax.php ]
[ info ] [ DB ] INIT mysql
[ info ] [ BEHAVIOR ] Run app\admin\behavior\AdminLog @app_end [ RunTime:0.003912s ]
[ info ] [ LOG ] INIT File
---------------------------------------------------------------
[ 2023-09-15T17:28:28+08:00 ] 127.0.0.1 POST family123.com/cms.php/cms/ajax/get_template_list
[运行时间：0.010160s] [吞吐率：98.43req/s] [内存消耗：490.75kb] [文件加载：140]
[ info ] [ BEHAVIOR ] Run Closure @app_init [ RunTime:0.000010s ]
[ info ] [ CACHE ] INIT File
[ info ] [ BEHAVIOR ] Run \addons\cms\Cms @app_init [ RunTime:0.000131s ]
[ info ] [ BEHAVIOR ] Run Closure @app_init [ RunTime:0.000143s ]
[ info ] [ LANG ] /Users/pan.liu/Documents/privateProject/familyMartOne/familymart1/thinkphp/lang/zh-cn.php
[ info ] [ BEHAVIOR ] Run app\common\behavior\Common @app_dispatch [ RunTime:0.000020s ]
[ info ] [ ROUTE ] array (
  'type' => 'module',
  'module' => 
  array (
    0 => 'admin',
    1 => 'cms.ajax',
    2 => 'get_template_list',
  ),
)
[ info ] [ HEADER ] array (
  'cookie' => 'Hm_lvt_1166d2ba6c66a5addbb755e9d3aa650f=1694415444; PHPSESSID=b8974u80vq247ou5fngn82mtkb; think_var=zh-cn; Hm_lpvt_1166d2ba6c66a5addbb755e9d3aa650f=1694770077',
  'accept-language' => 'zh-CN,zh;q=0.9,en;q=0.8',
  'accept-encoding' => 'gzip, deflate',
  'origin' => 'http://family123.com',
  'content-type' => 'application/x-www-form-urlencoded; charset=UTF-8',
  'user-agent' => 'Mozilla/5.0 (Macintosh; Intel Mac OS X 10_15_7) AppleWebKit/537.36 (KHTML, like Gecko) Chrome/116.0.0.0 Safari/537.36',
  'x-requested-with' => 'XMLHttpRequest',
  'accept' => 'application/json, text/javascript, */*; q=0.01',
  'content-length' => '194',
  'connection' => 'keep-alive',
  'host' => 'family123.com',
)
[ info ] [ PARAM ] array (
  'searchTable' => 'tbl',
  'searchKey' => 'name',
  'searchValue' => 'list_News.html',
  'orderBy' => 
  array (
    0 => 
    array (
      0 => 'name',
      1 => 'ASC',
    ),
  ),
  'showField' => 'name',
  'keyField' => 'name',
  'keyValue' => 'list_News.html',
  'searchField' => 
  array (
    0 => 'name',
  ),
  'type' => 'list',
)
[ info ] [ LANG ] /Users/pan.liu/Documents/privateProject/familyMartOne/familymart1/public/../application/admin/lang/zh-cn.php
[ info ] [ BEHAVIOR ] Run app\common\behavior\Common @module_init [ RunTime:0.000083s ]
[ info ] [ SESSION ] INIT array (
  'id' => '',
  'var_session_id' => '',
  'prefix' => 'think',
  'type' => '',
  'auto_start' => true,
)
[ info ] [ LANG ] /Users/pan.liu/Documents/privateProject/familyMartOne/familymart1/public/../application/admin/lang/zh-cn/cms/ajax.php
[ info ] [ RUN ] app\admin\controller\cms\Ajax->get_template_list[ /Users/pan.liu/Documents/privateProject/familyMartOne/familymart1/application/admin/controller/cms/Ajax.php ]
[ info ] [ DB ] INIT mysql
[ info ] [ BEHAVIOR ] Run app\admin\behavior\AdminLog @app_end [ RunTime:0.004056s ]
[ info ] [ LOG ] INIT File
---------------------------------------------------------------
[ 2023-09-15T17:28:28+08:00 ] 127.0.0.1 POST family123.com/cms.php/cms/ajax/get_template_list
[运行时间：0.014438s] [吞吐率：69.26req/s] [内存消耗：490.75kb] [文件加载：140]
[ info ] [ BEHAVIOR ] Run Closure @app_init [ RunTime:0.000009s ]
[ info ] [ CACHE ] INIT File
[ info ] [ BEHAVIOR ] Run \addons\cms\Cms @app_init [ RunTime:0.000121s ]
[ info ] [ BEHAVIOR ] Run Closure @app_init [ RunTime:0.000132s ]
[ info ] [ LANG ] /Users/pan.liu/Documents/privateProject/familyMartOne/familymart1/thinkphp/lang/zh-cn.php
[ info ] [ BEHAVIOR ] Run app\common\behavior\Common @app_dispatch [ RunTime:0.000019s ]
[ info ] [ ROUTE ] array (
  'type' => 'module',
  'module' => 
  array (
    0 => 'admin',
    1 => 'cms.ajax',
    2 => 'get_template_list',
  ),
)
[ info ] [ HEADER ] array (
  'cookie' => 'Hm_lvt_1166d2ba6c66a5addbb755e9d3aa650f=1694415444; PHPSESSID=b8974u80vq247ou5fngn82mtkb; think_var=zh-cn; Hm_lpvt_1166d2ba6c66a5addbb755e9d3aa650f=1694770077',
  'accept-language' => 'zh-CN,zh;q=0.9,en;q=0.8',
  'accept-encoding' => 'gzip, deflate',
  'origin' => 'http://family123.com',
  'content-type' => 'application/x-www-form-urlencoded; charset=UTF-8',
  'user-agent' => 'Mozilla/5.0 (Macintosh; Intel Mac OS X 10_15_7) AppleWebKit/537.36 (KHTML, like Gecko) Chrome/116.0.0.0 Safari/537.36',
  'x-requested-with' => 'XMLHttpRequest',
  'accept' => 'application/json, text/javascript, */*; q=0.01',
  'content-length' => '194',
  'connection' => 'keep-alive',
  'host' => 'family123.com',
)
[ info ] [ PARAM ] array (
  'searchTable' => 'tbl',
  'searchKey' => 'name',
  'searchValue' => 'show_News.html',
  'orderBy' => 
  array (
    0 => 
    array (
      0 => 'name',
      1 => 'ASC',
    ),
  ),
  'showField' => 'name',
  'keyField' => 'name',
  'keyValue' => 'show_News.html',
  'searchField' => 
  array (
    0 => 'name',
  ),
  'type' => 'show',
)
[ info ] [ LANG ] /Users/pan.liu/Documents/privateProject/familyMartOne/familymart1/public/../application/admin/lang/zh-cn.php
[ info ] [ BEHAVIOR ] Run app\common\behavior\Common @module_init [ RunTime:0.000042s ]
[ info ] [ SESSION ] INIT array (
  'id' => '',
  'var_session_id' => '',
  'prefix' => 'think',
  'type' => '',
  'auto_start' => true,
)
[ info ] [ LANG ] /Users/pan.liu/Documents/privateProject/familyMartOne/familymart1/public/../application/admin/lang/zh-cn/cms/ajax.php
[ info ] [ RUN ] app\admin\controller\cms\Ajax->get_template_list[ /Users/pan.liu/Documents/privateProject/familyMartOne/familymart1/application/admin/controller/cms/Ajax.php ]
[ info ] [ DB ] INIT mysql
[ info ] [ BEHAVIOR ] Run app\admin\behavior\AdminLog @app_end [ RunTime:0.006076s ]
[ info ] [ LOG ] INIT File
---------------------------------------------------------------
[ 2023-09-15T17:28:30+08:00 ] 127.0.0.1 POST family123.com/cms.php/cms/ajax/get_title_pinyin
[运行时间：0.009618s] [吞吐率：103.97req/s] [内存消耗：554.55kb] [文件加载：150]
[ info ] [ BEHAVIOR ] Run Closure @app_init [ RunTime:0.000010s ]
[ info ] [ CACHE ] INIT File
[ info ] [ BEHAVIOR ] Run \addons\cms\Cms @app_init [ RunTime:0.000196s ]
[ info ] [ BEHAVIOR ] Run Closure @app_init [ RunTime:0.000207s ]
[ info ] [ LANG ] /Users/pan.liu/Documents/privateProject/familyMartOne/familymart1/thinkphp/lang/zh-cn.php
[ info ] [ BEHAVIOR ] Run app\common\behavior\Common @app_dispatch [ RunTime:0.000041s ]
[ info ] [ ROUTE ] array (
  'type' => 'module',
  'module' => 
  array (
    0 => 'admin',
    1 => 'cms.ajax',
    2 => 'get_title_pinyin',
  ),
)
[ info ] [ HEADER ] array (
  'cookie' => 'Hm_lvt_1166d2ba6c66a5addbb755e9d3aa650f=1694415444; PHPSESSID=b8974u80vq247ou5fngn82mtkb; think_var=zh-cn; Hm_lpvt_1166d2ba6c66a5addbb755e9d3aa650f=1694770077',
  'accept-language' => 'zh-CN,zh;q=0.9,en;q=0.8',
  'accept-encoding' => 'gzip, deflate',
  'origin' => 'http://family123.com',
  'content-type' => 'application/x-www-form-urlencoded; charset=UTF-8',
  'user-agent' => 'Mozilla/5.0 (Macintosh; Intel Mac OS X 10_15_7) AppleWebKit/537.36 (KHTML, like Gecko) Chrome/116.0.0.0 Safari/537.36',
  'x-requested-with' => 'XMLHttpRequest',
  'accept' => 'application/json, text/javascript, */*; q=0.01',
  'content-length' => '42',
  'connection' => 'keep-alive',
  'host' => 'family123.com',
)
[ info ] [ PARAM ] array (
  'title' => '优势介绍',
)
[ info ] [ LANG ] /Users/pan.liu/Documents/privateProject/familyMartOne/familymart1/public/../application/admin/lang/zh-cn.php
[ info ] [ BEHAVIOR ] Run app\common\behavior\Common @module_init [ RunTime:0.000063s ]
[ info ] [ SESSION ] INIT array (
  'id' => '',
  'var_session_id' => '',
  'prefix' => 'think',
  'type' => '',
  'auto_start' => true,
)
[ info ] [ LANG ] /Users/pan.liu/Documents/privateProject/familyMartOne/familymart1/public/../application/admin/lang/zh-cn/cms/ajax.php
[ info ] [ RUN ] app\admin\controller\cms\Ajax->get_title_pinyin[ /Users/pan.liu/Documents/privateProject/familyMartOne/familymart1/application/admin/controller/cms/Ajax.php ]
[ info ] [ DB ] INIT mysql
[ info ] [ BEHAVIOR ] Run app\admin\behavior\AdminLog @app_end [ RunTime:0.004864s ]
[ info ] [ LOG ] INIT File
---------------------------------------------------------------
[ 2023-09-15T17:28:46+08:00 ] 127.0.0.1 POST family123.com/cms.php/cms/channel/check_element_available
[运行时间：0.015116s] [吞吐率：66.16req/s] [内存消耗：706.72kb] [文件加载：146]
[ info ] [ BEHAVIOR ] Run Closure @app_init [ RunTime:0.000011s ]
[ info ] [ CACHE ] INIT File
[ info ] [ BEHAVIOR ] Run \addons\cms\Cms @app_init [ RunTime:0.000143s ]
[ info ] [ BEHAVIOR ] Run Closure @app_init [ RunTime:0.000153s ]
[ info ] [ LANG ] /Users/pan.liu/Documents/privateProject/familyMartOne/familymart1/thinkphp/lang/zh-cn.php
[ info ] [ BEHAVIOR ] Run app\common\behavior\Common @app_dispatch [ RunTime:0.000023s ]
[ info ] [ ROUTE ] array (
  'type' => 'module',
  'module' => 
  array (
    0 => 'admin',
    1 => 'cms.channel',
    2 => 'check_element_available',
  ),
)
[ info ] [ HEADER ] array (
  'cookie' => 'Hm_lvt_1166d2ba6c66a5addbb755e9d3aa650f=1694415444; PHPSESSID=b8974u80vq247ou5fngn82mtkb; think_var=zh-cn; Hm_lpvt_1166d2ba6c66a5addbb755e9d3aa650f=1694770077',
  'accept-language' => 'zh-CN,zh;q=0.9,en;q=0.8',
  'accept-encoding' => 'gzip, deflate',
  'origin' => 'http://family123.com',
  'content-type' => 'application/x-www-form-urlencoded; charset=UTF-8',
  'user-agent' => 'Mozilla/5.0 (Macintosh; Intel Mac OS X 10_15_7) AppleWebKit/537.36 (KHTML, like Gecko) Chrome/116.0.0.0 Safari/537.36',
  'x-requested-with' => 'XMLHttpRequest',
  'accept' => 'application/json, text/javascript, */*; q=0.01',
  'content-length' => '47',
  'connection' => 'keep-alive',
  'host' => 'family123.com',
)
[ info ] [ PARAM ] array (
  'id' => '68',
  'name' => 'row[diyname]',
  'value' => 'youshijieshao',
)
[ info ] [ LANG ] /Users/pan.liu/Documents/privateProject/familyMartOne/familymart1/public/../application/admin/lang/zh-cn.php
[ info ] [ BEHAVIOR ] Run app\common\behavior\Common @module_init [ RunTime:0.000048s ]
[ info ] [ SESSION ] INIT array (
  'id' => '',
  'var_session_id' => '',
  'prefix' => 'think',
  'type' => '',
  'auto_start' => true,
)
[ info ] [ LANG ] /Users/pan.liu/Documents/privateProject/familyMartOne/familymart1/public/../application/admin/lang/zh-cn/cms/channel.php
[ info ] [ DB ] INIT mysql
[ info ] [ RUN ] app\admin\controller\cms\Channel->check_element_available[ /Users/pan.liu/Documents/privateProject/familyMartOne/familymart1/application/admin/controller/cms/Channel.php ]
[ info ] [ BEHAVIOR ] Run app\admin\behavior\AdminLog @app_end [ RunTime:0.007647s ]
[ info ] [ LOG ] INIT File
---------------------------------------------------------------
[ 2023-09-15T17:28:46+08:00 ] 127.0.0.1 POST family123.com/cms.php/cms/channel/edit/ids/68?dialog=1
[运行时间：0.019785s] [吞吐率：50.54req/s] [内存消耗：789.23kb] [文件加载：150]
[ info ] [ BEHAVIOR ] Run Closure @app_init [ RunTime:0.000009s ]
[ info ] [ CACHE ] INIT File
[ info ] [ BEHAVIOR ] Run \addons\cms\Cms @app_init [ RunTime:0.000117s ]
[ info ] [ BEHAVIOR ] Run Closure @app_init [ RunTime:0.000127s ]
[ info ] [ LANG ] /Users/pan.liu/Documents/privateProject/familyMartOne/familymart1/thinkphp/lang/zh-cn.php
[ info ] [ BEHAVIOR ] Run app\common\behavior\Common @app_dispatch [ RunTime:0.000018s ]
[ info ] [ ROUTE ] array (
  'type' => 'module',
  'module' => 
  array (
    0 => 'admin',
    1 => 'cms.channel',
    2 => 'edit',
  ),
)
[ info ] [ HEADER ] array (
  'cookie' => 'Hm_lvt_1166d2ba6c66a5addbb755e9d3aa650f=1694415444; PHPSESSID=b8974u80vq247ou5fngn82mtkb; think_var=zh-cn; Hm_lpvt_1166d2ba6c66a5addbb755e9d3aa650f=1694770077',
  'accept-language' => 'zh-CN,zh;q=0.9,en;q=0.8',
  'accept-encoding' => 'gzip, deflate',
  'origin' => 'http://family123.com',
  'content-type' => 'application/x-www-form-urlencoded; charset=UTF-8',
  'user-agent' => 'Mozilla/5.0 (Macintosh; Intel Mac OS X 10_15_7) AppleWebKit/537.36 (KHTML, like Gecko) Chrome/116.0.0.0 Safari/537.36',
  'x-requested-with' => 'XMLHttpRequest',
  'accept' => 'application/json, text/javascript, */*; q=0.01',
  'content-length' => '7134',
  'connection' => 'keep-alive',
  'host' => 'family123.com',
)
[ info ] [ PARAM ] array (
  'dialog' => '1',
  'row' => 
  array (
    'type' => 'list',
    'parent_id' => '66',
    'name' => '优势介绍',
    'image' => '/uploads/20230915/d713042d590e87203d1786960a0fc040.jpeg',
    'seotitle' => '',
    'keywords' => '',
    'description' => '',
    'diyname' => 'youshijieshao',
    'outlink' => '',
    'channeltpl' => 'list_News.html',
    'listtpl' => 'list_News.html',
    'showtpl' => 'show_News.html',
    'pagesize' => '2',
    'weigh' => '68',
    'iscontribute' => '0',
    'isnav' => '1',
    'nofoot' => '0',
    'lanmujj' => '<p>优势介绍优势介绍优势介绍优势介绍优势介绍优势介绍优势介绍优势介绍优势介绍优势介绍优势介绍优势介绍优势介绍优势介绍优势介绍优势介绍优势介绍优势介绍优势介绍优势介绍优势介绍优势介绍优势介绍优势介绍优势介绍优势介绍优势介绍优势介绍优势介绍优势介绍优势介绍优势介绍优势介绍优势介绍优势介绍优势介绍优势介绍优势介绍优势介绍优势介绍优势介绍优势介绍优势介绍优势介绍</p>
<p>优势介绍优势介绍优势介绍优势介绍优势介绍优势介绍优势介绍优势介绍优势介绍优势介绍优势介绍优势介绍优势介绍优势介绍优势介绍优势介绍优势介绍优势介绍优势介绍优势介绍优势介绍优势介绍优势介绍优势介绍优势介绍优势介绍优势介绍优势介绍优势介绍优势介绍优势介绍优势介绍优势介绍优势介绍优势介绍优势介绍优势介绍优势介绍优势介绍优势介绍优势介绍优势介绍优势介绍优势介绍</p>
<p>优势介绍优势介绍优势介绍优势介绍优势介绍优势介绍优势介绍优势介绍优势介绍优势介绍优势介绍优势介绍优势介绍优势介绍优势介绍优势介绍优势介绍优势介绍优势介绍优势介绍优势介绍优势介绍优势介绍优势介绍优势介绍优势介绍优势介绍优势介绍优势介绍优势介绍优势介绍优势介绍优势介绍优势介绍优势介绍优势介绍优势介绍优势介绍优势介绍优势介绍优势介绍优势介绍优势介绍优势介绍</p>
<p>优势介绍优势介绍优势介绍优势介绍优势介绍优势介绍优势介绍优势介绍优势介绍优势介绍优势介绍优势介绍优势介绍优势介绍优势介绍优势介绍优势介绍优势介绍优势介绍优势介绍优势介绍优势介绍优势介绍优势介绍优势介绍优势介绍优势介绍优势介绍优势介绍优势介绍优势介绍优势介绍优势介绍优势介绍优势介绍优势介绍优势介绍优势介绍优势介绍优势介绍优势介绍优势介绍优势介绍优势介绍</p>',
    'href' => '0',
    'target' => '0',
    'cpindex' => '0',
    'lmimg' => '',
    'lmbj' => '',
    'status' => 'normal',
  ),
  'ids' => '68',
)
[ info ] [ LANG ] /Users/pan.liu/Documents/privateProject/familyMartOne/familymart1/public/../application/admin/lang/zh-cn.php
[ info ] [ BEHAVIOR ] Run app\common\behavior\Common @module_init [ RunTime:0.000042s ]
[ info ] [ SESSION ] INIT array (
  'id' => '',
  'var_session_id' => '',
  'prefix' => 'think',
  'type' => '',
  'auto_start' => true,
)
[ info ] [ DB ] INIT mysql
[ info ] [ LANG ] /Users/pan.liu/Documents/privateProject/familyMartOne/familymart1/public/../application/admin/lang/zh-cn/cms/channel.php
[ info ] [ RUN ] app\admin\controller\cms\Channel->edit[ /Users/pan.liu/Documents/privateProject/familyMartOne/familymart1/application/admin/controller/cms/Channel.php ]
[ info ] [ BEHAVIOR ] Run app\admin\behavior\AdminLog @app_end [ RunTime:0.001089s ]
[ info ] [ LOG ] INIT File
---------------------------------------------------------------
[ 2023-09-15T17:28:46+08:00 ] 127.0.0.1 GET family123.com/cms.php/cms/channel/index?sort=weigh&order=desc&_=1694761697559
[运行时间：0.008539s] [吞吐率：117.11req/s] [内存消耗：654.02kb] [文件加载：144]
[ info ] [ BEHAVIOR ] Run Closure @app_init [ RunTime:0.000009s ]
[ info ] [ CACHE ] INIT File
[ info ] [ BEHAVIOR ] Run \addons\cms\Cms @app_init [ RunTime:0.000117s ]
[ info ] [ BEHAVIOR ] Run Closure @app_init [ RunTime:0.000141s ]
[ info ] [ LANG ] /Users/pan.liu/Documents/privateProject/familyMartOne/familymart1/thinkphp/lang/zh-cn.php
[ info ] [ BEHAVIOR ] Run app\common\behavior\Common @app_dispatch [ RunTime:0.000023s ]
[ info ] [ ROUTE ] array (
  'type' => 'module',
  'module' => 
  array (
    0 => 'admin',
    1 => 'cms.channel',
    2 => 'index',
  ),
)
[ info ] [ HEADER ] array (
  'cookie' => 'Hm_lvt_1166d2ba6c66a5addbb755e9d3aa650f=1694415444; PHPSESSID=b8974u80vq247ou5fngn82mtkb; think_var=zh-cn; Hm_lpvt_1166d2ba6c66a5addbb755e9d3aa650f=1694770077',
  'accept-language' => 'zh-CN,zh;q=0.9,en;q=0.8',
  'accept-encoding' => 'gzip, deflate',
  'content-type' => 'application/json',
  'user-agent' => 'Mozilla/5.0 (Macintosh; Intel Mac OS X 10_15_7) AppleWebKit/537.36 (KHTML, like Gecko) Chrome/116.0.0.0 Safari/537.36',
  'x-requested-with' => 'XMLHttpRequest',
  'accept' => 'application/json, text/javascript, */*; q=0.01',
  'connection' => 'keep-alive',
  'host' => 'family123.com',
  'content-length' => '',
)
[ info ] [ PARAM ] array (
  'sort' => 'weigh',
  'order' => 'desc',
  '_' => '1694761697559',
)
[ info ] [ LANG ] /Users/pan.liu/Documents/privateProject/familyMartOne/familymart1/public/../application/admin/lang/zh-cn.php
[ info ] [ BEHAVIOR ] Run app\common\behavior\Common @module_init [ RunTime:0.000044s ]
[ info ] [ SESSION ] INIT array (
  'id' => '',
  'var_session_id' => '',
  'prefix' => 'think',
  'type' => '',
  'auto_start' => true,
)
[ info ] [ DB ] INIT mysql
[ info ] [ LANG ] /Users/pan.liu/Documents/privateProject/familyMartOne/familymart1/public/../application/admin/lang/zh-cn/cms/channel.php
[ info ] [ RUN ] app\admin\controller\cms\Channel->index[ /Users/pan.liu/Documents/privateProject/familyMartOne/familymart1/application/admin/controller/cms/Channel.php ]
[ info ] [ BEHAVIOR ] Run app\admin\behavior\AdminLog @app_end [ RunTime:0.000022s ]
[ info ] [ LOG ] INIT File
---------------------------------------------------------------
[ 2023-09-15T17:28:50+08:00 ] 127.0.0.1 GET family123.com/youshijieshao.html
[运行时间：0.013413s] [吞吐率：74.55req/s] [内存消耗：603.41kb] [文件加载：152]
[ info ] [ BEHAVIOR ] Run Closure @app_init [ RunTime:0.000010s ]
[ info ] [ CACHE ] INIT File
[ info ] [ BEHAVIOR ] Run \addons\cms\Cms @app_init [ RunTime:0.000151s ]
[ info ] [ BEHAVIOR ] Run Closure @app_init [ RunTime:0.000162s ]
[ info ] [ LANG ] /Users/pan.liu/Documents/privateProject/familyMartOne/familymart1/thinkphp/lang/zh-cn.php
[ info ] [ BEHAVIOR ] Run app\common\behavior\Common @app_dispatch [ RunTime:0.000027s ]
[ info ] [ ROUTE ] array (
  'type' => 'method',
  'method' => 
  array (
    0 => '\\think\\addons\\Route',
    1 => 'execute',
  ),
  'var' => 
  array (
    'addon' => 'cms',
    'controller' => 'channel',
    'action' => 'index',
  ),
)
[ info ] [ HEADER ] array (
  'cookie' => 'Hm_lvt_1166d2ba6c66a5addbb755e9d3aa650f=1694415444; PHPSESSID=b8974u80vq247ou5fngn82mtkb; think_var=zh-cn; Hm_lpvt_1166d2ba6c66a5addbb755e9d3aa650f=1694770077',
  'accept-language' => 'zh-CN,zh;q=0.9,en;q=0.8',
  'accept-encoding' => 'gzip, deflate',
  'referer' => 'http://family123.com/woyaojiameng.html',
  'accept' => 'text/html,application/xhtml+xml,application/xml;q=0.9,image/avif,image/webp,image/apng,*/*;q=0.8,application/signed-exchange;v=b3;q=0.7',
  'user-agent' => 'Mozilla/5.0 (Macintosh; Intel Mac OS X 10_15_7) AppleWebKit/537.36 (KHTML, like Gecko) Chrome/116.0.0.0 Safari/537.36',
  'upgrade-insecure-requests' => '1',
  'cache-control' => 'max-age=0',
  'connection' => 'keep-alive',
  'host' => 'family123.com',
  'content-length' => '',
  'content-type' => '',
)
[ info ] [ PARAM ] array (
  'diyname' => 'youshijieshao',
)
[ info ] [ RUN ] think\addons\Route->execute[ /Users/pan.liu/Documents/privateProject/familyMartOne/familymart1/vendor/karsonzhang/fastadmin-addons/src/addons/Route.php ]
[ info ] [ LANG ] /Users/pan.liu/Documents/privateProject/familyMartOne/familymart1/public/../application/common/lang/zh-cn/addon.php
[ info ] [ BEHAVIOR ] Run app\common\behavior\Common @addon_begin [ RunTime:0.000091s ]
[ info ] [ LANG ] /Users/pan.liu/Documents/privateProject/familyMartOne/familymart1/addons/cms/lang/zh-cn.php
[ info ] [ DB ] INIT mysql
[ info ] [ VIEW ] /Users/pan.liu/Documents/privateProject/familyMartOne/familymart1/addons/cms/view/default2/list_News.html [ array (
  0 => 'config',
  1 => 'user',
  2 => 'site',
  3 => '__CHANNEL__',
  4 => '__FILTERLIST__',
  5 => '__ORDERLIST__',
  6 => '__PAGELIST__',
) ]
[ info ] [ BEHAVIOR ] Run \addons\cms\Cms @view_filter [ RunTime:0.000027s ]
[ info ] [ LOG ] INIT File
---------------------------------------------------------------
[ 2023-09-15T17:28:54+08:00 ] 127.0.0.1 GET family123.com/youshijieshao/he-zuo-jing-ying-you-shi.html
[运行时间：0.012256s] [吞吐率：81.59req/s] [内存消耗：599.50kb] [文件加载：153]
[ info ] [ BEHAVIOR ] Run Closure @app_init [ RunTime:0.000009s ]
[ info ] [ CACHE ] INIT File
[ info ] [ BEHAVIOR ] Run \addons\cms\Cms @app_init [ RunTime:0.000144s ]
[ info ] [ BEHAVIOR ] Run Closure @app_init [ RunTime:0.000155s ]
[ info ] [ LANG ] /Users/pan.liu/Documents/privateProject/familyMartOne/familymart1/thinkphp/lang/zh-cn.php
[ info ] [ BEHAVIOR ] Run app\common\behavior\Common @app_dispatch [ RunTime:0.000026s ]
[ info ] [ ROUTE ] array (
  'type' => 'method',
  'method' => 
  array (
    0 => '\\think\\addons\\Route',
    1 => 'execute',
  ),
  'var' => 
  array (
    'addon' => 'cms',
    'controller' => 'archives',
    'action' => 'index',
  ),
)
[ info ] [ HEADER ] array (
  'cookie' => 'Hm_lvt_1166d2ba6c66a5addbb755e9d3aa650f=1694415444; PHPSESSID=b8974u80vq247ou5fngn82mtkb; think_var=zh-cn; Hm_lpvt_1166d2ba6c66a5addbb755e9d3aa650f=1694770131',
  'accept-language' => 'zh-CN,zh;q=0.9,en;q=0.8',
  'accept-encoding' => 'gzip, deflate',
  'referer' => 'http://family123.com/youshijieshao.html',
  'accept' => 'text/html,application/xhtml+xml,application/xml;q=0.9,image/avif,image/webp,image/apng,*/*;q=0.8,application/signed-exchange;v=b3;q=0.7',
  'user-agent' => 'Mozilla/5.0 (Macintosh; Intel Mac OS X 10_15_7) AppleWebKit/537.36 (KHTML, like Gecko) Chrome/116.0.0.0 Safari/537.36',
  'upgrade-insecure-requests' => '1',
  'connection' => 'keep-alive',
  'host' => 'family123.com',
  'content-length' => '',
  'content-type' => '',
)
[ info ] [ PARAM ] array (
  'catename' => 'youshijieshao',
  'diyname' => 'he-zuo-jing-ying-you-shi',
)
[ info ] [ RUN ] think\addons\Route->execute[ /Users/pan.liu/Documents/privateProject/familyMartOne/familymart1/vendor/karsonzhang/fastadmin-addons/src/addons/Route.php ]
[ info ] [ LANG ] /Users/pan.liu/Documents/privateProject/familyMartOne/familymart1/public/../application/common/lang/zh-cn/addon.php
[ info ] [ BEHAVIOR ] Run app\common\behavior\Common @addon_begin [ RunTime:0.000077s ]
[ info ] [ LANG ] /Users/pan.liu/Documents/privateProject/familyMartOne/familymart1/addons/cms/lang/zh-cn.php
[ info ] [ DB ] INIT mysql
[ info ] [ VIEW ] /Users/pan.liu/Documents/privateProject/familyMartOne/familymart1/addons/cms/view/default2/show_News.html [ array (
  0 => 'config',
  1 => 'user',
  2 => 'site',
  3 => '__CHANNEL__',
  4 => '__ARCHIVES__',
  5 => 'title',
  6 => '__MODEL__',
) ]
[ info ] [ BEHAVIOR ] Run \addons\cms\Cms @view_filter [ RunTime:0.000032s ]
[ info ] [ LOG ] INIT File
